#
# A fatal error has been detected by the Java Runtime Environment:
#
#  SIGSEGV (0xb) at pc=0x000000011f01790b, pid=6976, tid=43015
#
# JRE version: OpenJDK Runtime Environment Homebrew (17.0.1+1) (build 17.0.1+1)
# Java VM: OpenJDK 64-Bit Server VM Homebrew (17.0.1+1, mixed mode, emulated-client, sharing, tiered, compressed oops, compressed class ptrs, g1 gc, bsd-amd64)
# Problematic frame:
# C  [libtesseract.4.dylib+0x1790b]  _ZN9tesseract9Tesseract15recog_all_wordsEP8PAGE_RESP10ETEXT_DESCPK4TBOXPKci+0xab
#
# No core dump will be written. Core dumps have been disabled. To enable core dumping, try "ulimit -c unlimited" before starting Java again
#
# If you would like to submit a bug report, please visit:
#   https://github.com/Homebrew/homebrew-core/issues
# The crash happened outside the Java Virtual Machine in native code.
# See problematic frame for where to report the bug.
#

---------------  S U M M A R Y ------------

Command Line: -XX:TieredStopAtLevel=1 com.example.demo.DemoApplication

Host: "MacBookPro15,4" x86_64 1400 MHz, 8 cores, 8G, Darwin 21.1.0, macOS 12.0.1 (21A559)
Time: Mon Dec 27 20:51:00 2021 IST elapsed time: 9.294974 seconds (0d 0h 0m 9s)

---------------  T H R E A D  ---------------

Current thread (0x00007fbfcb123a00):  JavaThread "http-nio-8080-exec-1" daemon [_thread_in_native, id=43015, stack(0x000070000a96e000,0x000070000aa6e000)]

Stack: [0x000070000a96e000,0x000070000aa6e000],  sp=0x000070000aa6a650,  free space=1009k
Native frames: (J=compiled Java code, j=interpreted, Vv=VM code, C=native code)
C  [libtesseract.4.dylib+0x1790b]  _ZN9tesseract9Tesseract15recog_all_wordsEP8PAGE_RESP10ETEXT_DESCPK4TBOXPKci+0xab
C  [libtesseract.4.dylib+0x4a2f]  _ZN9tesseract11TessBaseAPI9RecognizeEP10ETEXT_DESC+0x379
C  [libtesseract.4.dylib+0x39c1]  _ZN9tesseract11TessBaseAPI11GetUTF8TextEv+0x2b
C  [jna9672244429271662500.tmp+0xd94c]  ffi_call_unix64+0x4c

Java frames: (J=compiled Java code, j=interpreted, Vv=VM code)
j  com.sun.jna.Native.invokePointer(JI[Ljava/lang/Object;)J+0
j  com.sun.jna.Function.invokePointer(I[Ljava/lang/Object;)Lcom/sun/jna/Pointer;+6
j  com.sun.jna.Function.invoke([Ljava/lang/Object;Ljava/lang/Class;Z)Ljava/lang/Object;+426
j  com.sun.jna.Function.invoke(Ljava/lang/Class;[Ljava/lang/Object;Ljava/util/Map;)Ljava/lang/Object;+262
j  com.sun.jna.Library$Handler.invoke(Ljava/lang/Object;Ljava/lang/reflect/Method;[Ljava/lang/Object;)Ljava/lang/Object;+316
j  jdk.proxy2.$Proxy56.TessBaseAPIGetUTF8Text(Lnet/sourceforge/tess4j/ITessAPI$TessBaseAPI;)Lcom/sun/jna/Pointer;+16 jdk.proxy2
j  net.sourceforge.tess4j.Tesseract.getOCRText(Ljava/lang/String;I)Ljava/lang/String;+62
j  net.sourceforge.tess4j.Tesseract.doOCR(Ljavax/imageio/IIOImage;Ljava/lang/String;Ljava/awt/Rectangle;I)Ljava/lang/String;+17
j  net.sourceforge.tess4j.Tesseract.doOCR(Ljava/io/File;Ljava/awt/Rectangle;)Ljava/lang/String;+129
j  net.sourceforge.tess4j.Tesseract.doOCR(Ljava/io/File;)Ljava/lang/String;+3
j  com.example.ocr.ReadReceipt.DoOCR()Ljava/lang/String;+13
j  com.example.demo.DemoApplication.home()Ljava/lang/String;+9
v  ~StubRoutines::call_stub
J 1985  jdk.internal.reflect.NativeMethodAccessorImpl.invoke0(Ljava/lang/reflect/Method;Ljava/lang/Object;[Ljava/lang/Object;)Ljava/lang/Object; java.base@17.0.1 (0 bytes) @ 0x00000001127810bf [0x0000000112781040+0x000000000000007f]
J 1984 c1 jdk.internal.reflect.NativeMethodAccessorImpl.invoke(Ljava/lang/Object;[Ljava/lang/Object;)Ljava/lang/Object; java.base@17.0.1 (137 bytes) @ 0x0000000112781844 [0x0000000112781500+0x0000000000000344]
J 1982 c1 jdk.internal.reflect.DelegatingMethodAccessorImpl.invoke(Ljava/lang/Object;[Ljava/lang/Object;)Ljava/lang/Object; java.base@17.0.1 (10 bytes) @ 0x0000000112780404 [0x00000001127803c0+0x0000000000000044]
J 1820 c1 java.lang.reflect.Method.invoke(Ljava/lang/Object;[Ljava/lang/Object;)Ljava/lang/Object; java.base@17.0.1 (65 bytes) @ 0x00000001127301e4 [0x00000001127300e0+0x0000000000000104]
j  org.springframework.web.method.support.InvocableHandlerMethod.doInvoke([Ljava/lang/Object;)Ljava/lang/Object;+28
j  org.springframework.web.method.support.InvocableHandlerMethod.invokeForRequest(Lorg/springframework/web/context/request/NativeWebRequest;Lorg/springframework/web/method/support/ModelAndViewContainer;[Ljava/lang/Object;)Ljava/lang/Object;+54
j  org.springframework.web.servlet.mvc.method.annotation.ServletInvocableHandlerMethod.invokeAndHandle(Lorg/springframework/web/context/request/ServletWebRequest;Lorg/springframework/web/method/support/ModelAndViewContainer;[Ljava/lang/Object;)V+4
j  org.springframework.web.servlet.mvc.method.annotation.RequestMappingHandlerAdapter.invokeHandlerMethod(Ljavax/servlet/http/HttpServletRequest;Ljavax/servlet/http/HttpServletResponse;Lorg/springframework/web/method/HandlerMethod;)Lorg/springframework/web/servlet/ModelAndView;+244
j  org.springframework.web.servlet.mvc.method.annotation.RequestMappingHandlerAdapter.handleInternal(Ljavax/servlet/http/HttpServletRequest;Ljavax/servlet/http/HttpServletResponse;Lorg/springframework/web/method/HandlerMethod;)Lorg/springframework/web/servlet/ModelAndView;+81
j  org.springframework.web.servlet.mvc.method.AbstractHandlerMethodAdapter.handle(Ljavax/servlet/http/HttpServletRequest;Ljavax/servlet/http/HttpServletResponse;Ljava/lang/Object;)Lorg/springframework/web/servlet/ModelAndView;+7
j  org.springframework.web.servlet.DispatcherServlet.doDispatch(Ljavax/servlet/http/HttpServletRequest;Ljavax/servlet/http/HttpServletResponse;)V+259
j  org.springframework.web.servlet.DispatcherServlet.doService(Ljavax/servlet/http/HttpServletRequest;Ljavax/servlet/http/HttpServletResponse;)V+241
j  org.springframework.web.servlet.FrameworkServlet.processRequest(Ljavax/servlet/http/HttpServletRequest;Ljavax/servlet/http/HttpServletResponse;)V+71
j  org.springframework.web.servlet.FrameworkServlet.doGet(Ljavax/servlet/http/HttpServletRequest;Ljavax/servlet/http/HttpServletResponse;)V+3
j  javax.servlet.http.HttpServlet.service(Ljavax/servlet/http/HttpServletRequest;Ljavax/servlet/http/HttpServletResponse;)V+35
j  org.springframework.web.servlet.FrameworkServlet.service(Ljavax/servlet/http/HttpServletRequest;Ljavax/servlet/http/HttpServletResponse;)V+33
j  javax.servlet.http.HttpServlet.service(Ljavax/servlet/ServletRequest;Ljavax/servlet/ServletResponse;)V+36
j  org.apache.catalina.core.ApplicationFilterChain.internalDoFilter(Ljavax/servlet/ServletRequest;Ljavax/servlet/ServletResponse;)V+304
j  org.apache.catalina.core.ApplicationFilterChain.doFilter(Ljavax/servlet/ServletRequest;Ljavax/servlet/ServletResponse;)V+99
j  org.apache.tomcat.websocket.server.WsFilter.doFilter(Ljavax/servlet/ServletRequest;Ljavax/servlet/ServletResponse;Ljavax/servlet/FilterChain;)V+21
j  org.apache.catalina.core.ApplicationFilterChain.internalDoFilter(Ljavax/servlet/ServletRequest;Ljavax/servlet/ServletResponse;)V+135
j  org.apache.catalina.core.ApplicationFilterChain.doFilter(Ljavax/servlet/ServletRequest;Ljavax/servlet/ServletResponse;)V+99
j  org.springframework.web.filter.RequestContextFilter.doFilterInternal(Ljavax/servlet/http/HttpServletRequest;Ljavax/servlet/http/HttpServletResponse;Ljavax/servlet/FilterChain;)V+21
j  org.springframework.web.filter.OncePerRequestFilter.doFilter(Ljavax/servlet/ServletRequest;Ljavax/servlet/ServletResponse;Ljavax/servlet/FilterChain;)V+147
j  org.apache.catalina.core.ApplicationFilterChain.internalDoFilter(Ljavax/servlet/ServletRequest;Ljavax/servlet/ServletResponse;)V+135
j  org.apache.catalina.core.ApplicationFilterChain.doFilter(Ljavax/servlet/ServletRequest;Ljavax/servlet/ServletResponse;)V+99
j  org.springframework.web.filter.FormContentFilter.doFilterInternal(Ljavax/servlet/http/HttpServletRequest;Ljavax/servlet/http/HttpServletResponse;Ljavax/servlet/FilterChain;)V+38
j  org.springframework.web.filter.OncePerRequestFilter.doFilter(Ljavax/servlet/ServletRequest;Ljavax/servlet/ServletResponse;Ljavax/servlet/FilterChain;)V+147
j  org.apache.catalina.core.ApplicationFilterChain.internalDoFilter(Ljavax/servlet/ServletRequest;Ljavax/servlet/ServletResponse;)V+135
j  org.apache.catalina.core.ApplicationFilterChain.doFilter(Ljavax/servlet/ServletRequest;Ljavax/servlet/ServletResponse;)V+99
j  org.springframework.web.filter.CharacterEncodingFilter.doFilterInternal(Ljavax/servlet/http/HttpServletRequest;Ljavax/servlet/http/HttpServletResponse;Ljavax/servlet/FilterChain;)V+53
j  org.springframework.web.filter.OncePerRequestFilter.doFilter(Ljavax/servlet/ServletRequest;Ljavax/servlet/ServletResponse;Ljavax/servlet/FilterChain;)V+147
j  org.apache.catalina.core.ApplicationFilterChain.internalDoFilter(Ljavax/servlet/ServletRequest;Ljavax/servlet/ServletResponse;)V+135
j  org.apache.catalina.core.ApplicationFilterChain.doFilter(Ljavax/servlet/ServletRequest;Ljavax/servlet/ServletResponse;)V+99
j  org.apache.catalina.core.StandardWrapperValve.invoke(Lorg/apache/catalina/connector/Request;Lorg/apache/catalina/connector/Response;)V+694
j  org.apache.catalina.core.StandardContextValve.invoke(Lorg/apache/catalina/connector/Request;Lorg/apache/catalina/connector/Response;)V+169
j  org.apache.catalina.authenticator.AuthenticatorBase.invoke(Lorg/apache/catalina/connector/Request;Lorg/apache/catalina/connector/Response;)V+260
j  org.apache.catalina.core.StandardHostValve.invoke(Lorg/apache/catalina/connector/Request;Lorg/apache/catalina/connector/Response;)V+128
j  org.apache.catalina.valves.ErrorReportValve.invoke(Lorg/apache/catalina/connector/Request;Lorg/apache/catalina/connector/Response;)V+6
j  org.apache.catalina.core.StandardEngineValve.invoke(Lorg/apache/catalina/connector/Request;Lorg/apache/catalina/connector/Response;)V+59
j  org.apache.catalina.connector.CoyoteAdapter.service(Lorg/apache/coyote/Request;Lorg/apache/coyote/Response;)V+199
j  org.apache.coyote.http11.Http11Processor.service(Lorg/apache/tomcat/util/net/SocketWrapperBase;)Lorg/apache/tomcat/util/net/AbstractEndpoint$Handler$SocketState;+737
j  org.apache.coyote.AbstractProcessorLight.process(Lorg/apache/tomcat/util/net/SocketWrapperBase;Lorg/apache/tomcat/util/net/SocketEvent;)Lorg/apache/tomcat/util/net/AbstractEndpoint$Handler$SocketState;+170
j  org.apache.coyote.AbstractProtocol$ConnectionHandler.process(Lorg/apache/tomcat/util/net/SocketWrapperBase;Lorg/apache/tomcat/util/net/SocketEvent;)Lorg/apache/tomcat/util/net/AbstractEndpoint$Handler$SocketState;+505
j  org.apache.tomcat.util.net.NioEndpoint$SocketProcessor.doRun()V+216
j  org.apache.tomcat.util.net.SocketProcessorBase.run()V+21
j  org.apache.tomcat.util.threads.ThreadPoolExecutor.runWorker(Lorg/apache/tomcat/util/threads/ThreadPoolExecutor$Worker;)V+92
j  org.apache.tomcat.util.threads.ThreadPoolExecutor$Worker.run()V+5
j  org.apache.tomcat.util.threads.TaskThread$WrappingRunnable.run()V+4
j  java.lang.Thread.run()V+11 java.base@17.0.1
v  ~StubRoutines::call_stub

siginfo: si_signo: 11 (SIGSEGV), si_code: 1 (SEGV_MAPERR), si_addr: 0x000000000000000c

Register to memory mapping:

RAX=0x0 is NULL
RBX=0x0 is NULL
RCX=0x0 is NULL
RDX=0x000060000343d860 points into unknown readable memory: 0x000060000343dda0 | a0 dd 43 03 00 60 00 00
RSP=0x000070000aa6a650 is pointing into the stack for thread: 0x00007fbfcb123a00
RBP=0x000070000aa6a810 is pointing into the stack for thread: 0x00007fbfcb123a00
RSI=0x0 is NULL
RDI=0x000070000aa6a708 is pointing into the stack for thread: 0x00007fbfcb123a00
R8 =0x0 is NULL
R9 =0x0 is NULL
R10=0x00000000ffff8000 is an unknown value
R11=0xfffffffffffeb790 is an unknown value
R12=0x0 is NULL
R13=0x0000600001ecda40 points into unknown readable memory: 0x0000000000000000 | 00 00 00 00 00 00 00 00
R14=0x0 is NULL
R15=0x00007fbfcce40000 points into unknown readable memory: 0x000000011f1d19b0 | b0 19 1d 1f 01 00 00 00


Registers:
RAX=0x0000000000000000, RBX=0x0000000000000000, RCX=0x0000000000000000, RDX=0x000060000343d860
RSP=0x000070000aa6a650, RBP=0x000070000aa6a810, RSI=0x0000000000000000, RDI=0x000070000aa6a708
R8 =0x0000000000000000, R9 =0x0000000000000000, R10=0x00000000ffff8000, R11=0xfffffffffffeb790
R12=0x0000000000000000, R13=0x0000600001ecda40, R14=0x0000000000000000, R15=0x00007fbfcce40000
RIP=0x000000011f01790b, EFLAGS=0x0000000000010246, ERR=0x0000000000000004
  TRAPNO=0x000000000000000e

Top of Stack: (sp=0x000070000aa6a650)
0x000070000aa6a650:   000060000343cea0 0000600001ecda40
0x000070000aa6a660:   0000000000000000 0000000000000000
0x000070000aa6a670:   0000000000000000 00007fbfcaa37470
0x000070000aa6a680:   000060000343cf90 000060000343cf60
0x000070000aa6a690:   00007fbfcaa38700 000060000343d860
0x000070000aa6a6a0:   000060000343cf60 0000600001ecda48
0x000070000aa6a6b0:   000060000343cf60 000060000343cf60
0x000070000aa6a6c0:   000060000343cf60 000060000343cf60
0x000070000aa6a6d0:   0000600003000000 000060000343cf88
0x000070000aa6a6e0:   000060000343cf90 000060000343d860
0x000070000aa6a6f0:   000060000343dda0 000060000343cf90
0x000070000aa6a700:   0000600000010000 000060000343d880
0x000070000aa6a710:   00007fbfcaa38700 00007fbfcaa38500
0x000070000aa6a720:   00007fbfcaa38900 00007fbfcaa38700
0x000070000aa6a730:   0000600003010000 000060000343cfb0
0x000070000aa6a740:   00007fbfcaa38300 00007fbfcaa37470
0x000070000aa6a750:   00007fbfcaa37050 00007fbfcaa37470
0x000070000aa6a760:   0000000000000000 000060000343d880
0x000070000aa6a770:   00007fbfcaa38900 00007fbfcaa38700
0x000070000aa6a780:   00007fbfcaa38500 00007fbfcaa38700
0x000070000aa6a790:   000070000a000000 000000011f002e0d
0x000070000aa6a7a0:   0000600003979790 000000000000009e
0x000070000aa6a7b0:   00007fbfcce40150 0000600000b8f980
0x000070000aa6a7c0:   0000600000b8f980 00007fbfcce40000
0x000070000aa6a7d0:   0000000000000000 0000000000000000
0x000070000aa6a7e0:   000070000aa6a810 000070000aa6a857
0x000070000aa6a7f0:   0000600000b8f980 00007fbfcce40000
0x000070000aa6a800:   00000000ffffffff 0000000000000000
0x000070000aa6a810:   000070000aa6a880 000000011f004a2f
0x000070000aa6a820:   0000000000000030 0000000000000000
0x000070000aa6a830:   0000000108cc2000 00007ff84e43d000
0x000070000aa6a840:   000070000aa6a870 00007ff80ca2b566 

Instructions: (pc=0x000000011f01790b)
0x000000011f01780b:   4c 89 ff e8 eb 6d 13 00 4c 89 f7 4c 89 e6 e8 10
0x000000011f01781b:   75 13 00 48 ff c3 49 63 45 34 48 39 c3 7c c3 4c
0x000000011f01782b:   89 f0 48 83 c4 08 5b 41 5c 41 5d 41 5e 41 5f 5d
0x000000011f01783b:   c3 eb 0e 48 89 c3 48 8d 7d d0 e8 b4 6d 13 00 eb
0x000000011f01784b:   03 48 89 c3 4c 89 f7 e8 a7 6d 13 00 48 89 df e8
0x000000011f01785b:   9d 88 14 00 90 55 48 89 e5 41 57 41 56 41 55 41
0x000000011f01786b:   54 53 48 81 ec 98 01 00 00 45 89 ce 4c 89 45 c8
0x000000011f01787b:   48 89 cb 49 89 d4 49 89 f5 49 89 ff 31 c0 48 8d
0x000000011f01788b:   bd 48 fe ff ff 48 89 47 50 48 89 87 80 00 00 00
0x000000011f01789b:   48 89 87 b0 00 00 00 48 89 87 e0 00 00 00 48 89
0x000000011f0178ab:   87 10 01 00 00 48 89 37 31 f6 e8 3a dd 11 00 41
0x000000011f0178bb:   80 bf e2 21 02 00 00 74 10 b0 01 41 88 87 02 22
0x000000011f0178cb:   02 00 41 88 87 12 30 02 00 41 83 fe 01 0f 87 14
0x000000011f0178db:   02 00 00 48 89 5d c0 48 8d bd 48 fe ff ff 31 f6
0x000000011f0178eb:   e8 04 dd 11 00 41 83 bf 08 14 00 00 00 7e 0a 4c
0x000000011f0178fb:   89 ff e8 78 7c 0b 00 eb 15 49 8b 87 b0 09 00 00
0x000000011f01790b:   80 78 0c 00 74 08 4c 89 ff e8 d5 7c 0b 00 41 83
0x000000011f01791b:   bf d8 44 02 00 00 7e 3e 31 db 49 8b 87 e0 44 02
0x000000011f01792b:   00 48 8b 3c d8 83 bf 08 14 00 00 00 7e 07 e8 3c
0x000000011f01793b:   7c 0b 00 eb 12 48 8b 87 b0 09 00 00 80 78 0c 00
0x000000011f01794b:   74 05 e8 9c 7c 0b 00 48 ff c3 49 63 87 d8 44 02
0x000000011f01795b:   00 48 39 c3 7c c4 44 89 75 d4 4c 8d 75 a0 49 c7
0x000000011f01796b:   06 00 00 00 00 4c 89 f7 be 04 00 00 00 e8 c5 5d
0x000000011f01797b:   00 00 4c 89 ff be 01 00 00 00 48 8b 55 c0 48 8b
0x000000011f01798b:   4d c8 4d 89 e8 4d 89 f1 e8 64 f3 ff ff 41 83 bf
0x000000011f01799b:   d4 35 02 00 00 74 0c 48 8d 75 a0 4c 89 ff e8 f2
0x000000011f0179ab:   0a 03 00 4c 8d 45 a0 41 8b 00 41 89 87 c0 44 02
0x000000011f0179bb:   00 41 c7 87 c4 44 02 00 00 00 00 00 49 c7 87 b4
0x000000011f0179cb:   44 02 00 00 00 00 00 66 41 c7 87 bc 44 02 00 00
0x000000011f0179db:   00 4d 89 bf f8 44 02 00 48 8d 8d 48 fe ff ff 4c
0x000000011f0179eb:   89 ff be 01 00 00 00 4c 89 e2 e8 f6 f4 ff ff 84
0x000000011f0179fb:   c0 0f 84 bb 00 00 00 48 8d bd 48 fe ff ff 31 f6 


Stack slot to memory mapping:
stack at sp + 0 slots: 0x000060000343cea0 points into unknown readable memory: 0x000060000343ce70 | 70 ce 43 03 00 60 00 00
stack at sp + 1 slots: 0x0000600001ecda40 points into unknown readable memory: 0x0000000000000000 | 00 00 00 00 00 00 00 00
stack at sp + 2 slots: 0x0 is NULL
stack at sp + 3 slots: 0x0 is NULL
stack at sp + 4 slots: 0x0 is NULL
stack at sp + 5 slots: 0x00007fbfcaa37470 points into unknown readable memory: 0x00007fbfcaa37050 | 50 70 a3 ca bf 7f 00 00
stack at sp + 6 slots: 0x000060000343cf90 points into unknown readable memory: 0x000060000343d860 | 60 d8 43 03 00 60 00 00
stack at sp + 7 slots: 0x000060000343cf60 points into unknown readable memory: 0x000060000343cf60 | 60 cf 43 03 00 60 00 00


---------------  P R O C E S S  ---------------

Threads class SMR info:
_java_thread_list=0x0000600003ba3640, length=17, elements={
0x00007fbfcb847600, 0x00007fbfcb849e00, 0x00007fbfc9810800, 0x00007fbfca00f600,
0x00007fbfc9816200, 0x00007fbfca06ec00, 0x00007fbfc9816800, 0x00007fbfca06f200,
0x00007fbfca070200, 0x00007fbfcb125800, 0x00007fbfc9914800, 0x00007fbfcb126800,
0x00007fbfca2ef200, 0x00007fbfcb840800, 0x00007fbfcb029a00, 0x00007fbfcb123a00,
0x00007fbfca193a00
}

Java Threads: ( => current thread )
  0x00007fbfcb847600 JavaThread "Reference Handler" daemon [_thread_blocked, id=14595, stack(0x0000700009123000,0x0000700009223000)]
  0x00007fbfcb849e00 JavaThread "Finalizer" daemon [_thread_blocked, id=15875, stack(0x0000700009226000,0x0000700009326000)]
  0x00007fbfc9810800 JavaThread "Signal Dispatcher" daemon [_thread_blocked, id=42499, stack(0x000070000942f000,0x000070000952f000)]
  0x00007fbfca00f600 JavaThread "Service Thread" daemon [_thread_blocked, id=23043, stack(0x0000700009532000,0x0000700009632000)]
  0x00007fbfc9816200 JavaThread "Monitor Deflation Thread" daemon [_thread_blocked, id=41731, stack(0x0000700009635000,0x0000700009735000)]
  0x00007fbfca06ec00 JavaThread "C1 CompilerThread0" daemon [_thread_blocked, id=23299, stack(0x0000700009738000,0x0000700009838000)]
  0x00007fbfc9816800 JavaThread "Sweeper thread" daemon [_thread_blocked, id=40963, stack(0x000070000983b000,0x000070000993b000)]
  0x00007fbfca06f200 JavaThread "Notification Thread" daemon [_thread_blocked, id=23555, stack(0x000070000993e000,0x0000700009a3e000)]
  0x00007fbfca070200 JavaThread "Common-Cleaner" daemon [_thread_blocked, id=40451, stack(0x0000700009b44000,0x0000700009c44000)]
  0x00007fbfcb125800 JavaThread "Catalina-utility-1" [_thread_blocked, id=25603, stack(0x000070000a156000,0x000070000a256000)]
  0x00007fbfc9914800 JavaThread "Catalina-utility-2" [_thread_blocked, id=26115, stack(0x000070000a259000,0x000070000a359000)]
  0x00007fbfcb126800 JavaThread "container-0" [_thread_blocked, id=26371, stack(0x000070000a35c000,0x000070000a45c000)]
  0x00007fbfca2ef200 JavaThread "http-nio-8080-Poller" daemon [_thread_in_native, id=36611, stack(0x000070000a768000,0x000070000a868000)]
  0x00007fbfcb840800 JavaThread "http-nio-8080-Acceptor" daemon [_thread_in_native, id=26883, stack(0x000070000a86b000,0x000070000a96b000)]
  0x00007fbfcb029a00 JavaThread "DestroyJavaVM" [_thread_blocked, id=6403, stack(0x0000700008a0e000,0x0000700008b0e000)]
=>0x00007fbfcb123a00 JavaThread "http-nio-8080-exec-1" daemon [_thread_in_native, id=43015, stack(0x000070000a96e000,0x000070000aa6e000)]
  0x00007fbfca193a00 JavaThread "Java2D Disposer" daemon [_thread_blocked, id=27911, stack(0x000070000aa71000,0x000070000ab71000)]

Other Threads:
  0x00007fbfcab0bce0 VMThread "VM Thread" [stack: 0x0000700009020000,0x0000700009120000] [id=14083]
  0x00007fbfcaa06390 WatcherThread [stack: 0x0000700009a41000,0x0000700009b41000] [id=24067]
  0x00007fbfcab071a0 GCTaskThread "GC Thread#0" [stack: 0x0000700008b11000,0x0000700008c11000] [id=19715]
  0x00007fbfcaa112b0 GCTaskThread "GC Thread#1" [stack: 0x0000700009c47000,0x0000700009d47000] [id=39939]
  0x00007fbfcaa11550 GCTaskThread "GC Thread#2" [stack: 0x0000700009d4a000,0x0000700009e4a000] [id=24579]
  0x00007fbfc9719230 GCTaskThread "GC Thread#3" [stack: 0x0000700009e4d000,0x0000700009f4d000] [id=39179]
  0x00007fbfccf053b0 GCTaskThread "GC Thread#4" [stack: 0x0000700009f50000,0x000070000a050000] [id=25091]
  0x00007fbfc97194d0 GCTaskThread "GC Thread#5" [stack: 0x000070000a053000,0x000070000a153000] [id=38915]
  0x00007fbfca83bb20 GCTaskThread "GC Thread#6" [stack: 0x000070000a45f000,0x000070000a55f000] [id=37891]
  0x00007fbfcaa2fac0 GCTaskThread "GC Thread#7" [stack: 0x000070000a562000,0x000070000a662000] [id=37379]
  0x00007fbfcaa04470 ConcurrentGCThread "G1 Main Marker" [stack: 0x0000700008c14000,0x0000700008d14000] [id=19203]
  0x00007fbfcab07610 ConcurrentGCThread "G1 Conc#0" [stack: 0x0000700008d17000,0x0000700008e17000] [id=18435]
  0x00007fbfca83bdc0 ConcurrentGCThread "G1 Conc#1" [stack: 0x000070000a665000,0x000070000a765000] [id=26627]
  0x00007fbfca806f00 ConcurrentGCThread "G1 Refine#0" [stack: 0x0000700008e1a000,0x0000700008f1a000] [id=17923]
  0x00007fbfccf06180 ConcurrentGCThread "G1 Refine#1" [stack: 0x000070000ab74000,0x000070000ac74000] [id=35591]
  0x00007fbfcab07e70 ConcurrentGCThread "G1 Service" [stack: 0x0000700008f1d000,0x000070000901d000] [id=17411]

Threads with active compile tasks:

VM state: not at safepoint (normal execution)

VM Mutex/Monitor currently owned by a thread: None

Heap address: 0x0000000780000000, size: 2048 MB, Compressed Oops mode: Zero based, Oop shift amount: 3

CDS archive(s) mapped at: [0x0000000800000000-0x0000000800bd0000-0x0000000800bd0000), size 12386304, SharedBaseAddress: 0x0000000800000000, ArchiveRelocationMode: 0.
Compressed class space mapped at: 0x0000000800c00000-0x0000000840c00000, reserved size: 1073741824
Narrow klass base: 0x0000000800000000, Narrow klass shift: 0, Narrow klass range: 0x100000000

GC Precious Log:
 CPUs: 8 total, 8 available
 Memory: 8192M
 Large Page Support: Disabled
 NUMA Support: Disabled
 Compressed Oops: Enabled (Zero based)
 Heap Region Size: 1M
 Heap Min Capacity: 8M
 Heap Initial Capacity: 128M
 Heap Max Capacity: 2G
 Pre-touch: Disabled
 Parallel Workers: 8
 Concurrent Workers: 2
 Concurrent Refinement Workers: 8
 Periodic GC: Disabled

Heap:
 garbage-first heap   total 60416K, used 33128K [0x0000000780000000, 0x0000000800000000)
  region size 1024K, 2 young (2048K), 1 survivors (1024K)
 Metaspace       used 27659K, committed 28032K, reserved 1073152K
  class space    used 3728K, committed 3904K, reserved 1048576K

Heap Regions: E=young(eden), S=young(survivor), O=old, HS=humongous(starts), HC=humongous(continues), CS=collection set, F=free, OA=open archive, CA=closed archive, TAMS=top-at-mark-start (previous, next)
|   0|0x0000000780000000, 0x0000000780100000, 0x0000000780100000|100%| O|  |TAMS 0x0000000780100000, 0x0000000780000000| Untracked 
|   1|0x0000000780100000, 0x0000000780200000, 0x0000000780200000|100%| O|  |TAMS 0x0000000780200000, 0x0000000780100000| Untracked 
|   2|0x0000000780200000, 0x0000000780300000, 0x0000000780300000|100%| O|  |TAMS 0x0000000780300000, 0x0000000780200000| Untracked 
|   3|0x0000000780300000, 0x0000000780400000, 0x0000000780400000|100%| O|  |TAMS 0x0000000780400000, 0x0000000780300000| Untracked 
|   4|0x0000000780400000, 0x0000000780500000, 0x0000000780500000|100%|HS|  |TAMS 0x0000000780400000, 0x0000000780400000| Complete 
|   5|0x0000000780500000, 0x0000000780600000, 0x0000000780600000|100%| O|  |TAMS 0x0000000780600000, 0x0000000780500000| Untracked 
|   6|0x0000000780600000, 0x0000000780700000, 0x0000000780700000|100%| O|  |TAMS 0x0000000780700000, 0x0000000780600000| Untracked 
|   7|0x0000000780700000, 0x0000000780800000, 0x0000000780800000|100%| O|  |TAMS 0x0000000780800000, 0x0000000780700000| Untracked 
|   8|0x0000000780800000, 0x0000000780900000, 0x0000000780900000|100%| O|  |TAMS 0x0000000780900000, 0x0000000780800000| Untracked 
|   9|0x0000000780900000, 0x0000000780a00000, 0x0000000780a00000|100%| O|  |TAMS 0x0000000780a00000, 0x0000000780900000| Untracked 
|  10|0x0000000780a00000, 0x0000000780b00000, 0x0000000780b00000|100%| O|  |TAMS 0x0000000780b00000, 0x0000000780a00000| Untracked 
|  11|0x0000000780b00000, 0x0000000780c00000, 0x0000000780c00000|100%| O|  |TAMS 0x0000000780c00000, 0x0000000780b00000| Complete 
|  12|0x0000000780c00000, 0x0000000780cf5800, 0x0000000780d00000| 95%| O|  |TAMS 0x0000000780cf5800, 0x0000000780c00000| Untracked 
|  13|0x0000000780d00000, 0x0000000780e00000, 0x0000000780e00000|100%|HS|  |TAMS 0x0000000780e00000, 0x0000000780d00000| Complete 
|  14|0x0000000780e00000, 0x0000000780f00000, 0x0000000780f00000|100%|HC|  |TAMS 0x0000000780f00000, 0x0000000780e00000| Complete 
|  15|0x0000000780f00000, 0x0000000781000000, 0x0000000781000000|100%|HC|  |TAMS 0x0000000781000000, 0x0000000780f00000| Complete 
|  16|0x0000000781000000, 0x0000000781100000, 0x0000000781100000|100%|HC|  |TAMS 0x0000000781100000, 0x0000000781000000| Complete 
|  17|0x0000000781100000, 0x0000000781200000, 0x0000000781200000|100%|HS|  |TAMS 0x0000000781200000, 0x0000000781100000| Complete 
|  18|0x0000000781200000, 0x0000000781300000, 0x0000000781300000|100%|HC|  |TAMS 0x0000000781300000, 0x0000000781200000| Complete 
|  19|0x0000000781300000, 0x0000000781400000, 0x0000000781400000|100%|HC|  |TAMS 0x0000000781400000, 0x0000000781300000| Complete 
|  20|0x0000000781400000, 0x0000000781500000, 0x0000000781500000|100%|HC|  |TAMS 0x0000000781500000, 0x0000000781400000| Complete 
|  21|0x0000000781500000, 0x0000000781600000, 0x0000000781600000|100%|HS|  |TAMS 0x0000000781500000, 0x0000000781500000| Complete 
|  22|0x0000000781600000, 0x0000000781700000, 0x0000000781700000|100%|HC|  |TAMS 0x0000000781600000, 0x0000000781600000| Complete 
|  23|0x0000000781700000, 0x0000000781800000, 0x0000000781800000|100%|HS|  |TAMS 0x0000000781700000, 0x0000000781700000| Complete 
|  24|0x0000000781800000, 0x0000000781900000, 0x0000000781900000|100%|HC|  |TAMS 0x0000000781800000, 0x0000000781800000| Complete 
|  25|0x0000000781900000, 0x0000000781a00000, 0x0000000781a00000|100%|HC|  |TAMS 0x0000000781900000, 0x0000000781900000| Complete 
|  26|0x0000000781a00000, 0x0000000781b00000, 0x0000000781b00000|100%|HS|  |TAMS 0x0000000781a00000, 0x0000000781a00000| Complete 
|  27|0x0000000781b00000, 0x0000000781c00000, 0x0000000781c00000|100%|HC|  |TAMS 0x0000000781b00000, 0x0000000781b00000| Complete 
|  28|0x0000000781c00000, 0x0000000781d00000, 0x0000000781d00000|100%|HC|  |TAMS 0x0000000781c00000, 0x0000000781c00000| Complete 
|  29|0x0000000781d00000, 0x0000000781e00000, 0x0000000781e00000|100%|HC|  |TAMS 0x0000000781d00000, 0x0000000781d00000| Complete 
|  30|0x0000000781e00000, 0x0000000781f00000, 0x0000000781f00000|100%|HC|  |TAMS 0x0000000781e00000, 0x0000000781e00000| Complete 
|  31|0x0000000781f00000, 0x0000000781f6f8f8, 0x0000000782000000| 43%| S|CS|TAMS 0x0000000781f00000, 0x0000000781f00000| Complete 
|  32|0x0000000782000000, 0x0000000782000000, 0x0000000782100000|  0%| F|  |TAMS 0x0000000782000000, 0x0000000782000000| Untracked 
|  33|0x0000000782100000, 0x0000000782100000, 0x0000000782200000|  0%| F|  |TAMS 0x0000000782100000, 0x0000000782100000| Untracked 
|  34|0x0000000782200000, 0x0000000782200000, 0x0000000782300000|  0%| F|  |TAMS 0x0000000782200000, 0x0000000782200000| Untracked 
|  35|0x0000000782300000, 0x0000000782300000, 0x0000000782400000|  0%| F|  |TAMS 0x0000000782300000, 0x0000000782300000| Untracked 
|  36|0x0000000782400000, 0x0000000782400000, 0x0000000782500000|  0%| F|  |TAMS 0x0000000782400000, 0x0000000782400000| Untracked 
|  37|0x0000000782500000, 0x0000000782500000, 0x0000000782600000|  0%| F|  |TAMS 0x0000000782500000, 0x0000000782500000| Untracked 
|  38|0x0000000782600000, 0x0000000782600000, 0x0000000782700000|  0%| F|  |TAMS 0x0000000782600000, 0x0000000782600000| Untracked 
|  39|0x0000000782700000, 0x0000000782700000, 0x0000000782800000|  0%| F|  |TAMS 0x0000000782700000, 0x0000000782700000| Untracked 
|  40|0x0000000782800000, 0x0000000782800000, 0x0000000782900000|  0%| F|  |TAMS 0x0000000782800000, 0x0000000782800000| Untracked 
|  41|0x0000000782900000, 0x0000000782900000, 0x0000000782a00000|  0%| F|  |TAMS 0x0000000782900000, 0x0000000782900000| Untracked 
|  42|0x0000000782a00000, 0x0000000782a00000, 0x0000000782b00000|  0%| F|  |TAMS 0x0000000782a00000, 0x0000000782a00000| Untracked 
|  43|0x0000000782b00000, 0x0000000782b00000, 0x0000000782c00000|  0%| F|  |TAMS 0x0000000782b00000, 0x0000000782b00000| Untracked 
|  44|0x0000000782c00000, 0x0000000782c00000, 0x0000000782d00000|  0%| F|  |TAMS 0x0000000782c00000, 0x0000000782c00000| Untracked 
|  45|0x0000000782d00000, 0x0000000782d00000, 0x0000000782e00000|  0%| F|  |TAMS 0x0000000782d00000, 0x0000000782d00000| Untracked 
|  46|0x0000000782e00000, 0x0000000782e00000, 0x0000000782f00000|  0%| F|  |TAMS 0x0000000782e00000, 0x0000000782e00000| Untracked 
|  47|0x0000000782f00000, 0x0000000782f00000, 0x0000000783000000|  0%| F|  |TAMS 0x0000000782f00000, 0x0000000782f00000| Untracked 
|  48|0x0000000783000000, 0x0000000783000000, 0x0000000783100000|  0%| F|  |TAMS 0x0000000783000000, 0x0000000783000000| Untracked 
|  49|0x0000000783100000, 0x0000000783100000, 0x0000000783200000|  0%| F|  |TAMS 0x0000000783100000, 0x0000000783100000| Untracked 
|  74|0x0000000784a00000, 0x0000000784a00000, 0x0000000784b00000|  0%| F|  |TAMS 0x0000000784a00000, 0x0000000784a00000| Untracked 
|  75|0x0000000784b00000, 0x0000000784b00000, 0x0000000784c00000|  0%| F|  |TAMS 0x0000000784b00000, 0x0000000784b00000| Untracked 
|  76|0x0000000784c00000, 0x0000000784c00000, 0x0000000784d00000|  0%| F|  |TAMS 0x0000000784c00000, 0x0000000784c00000| Untracked 
|  77|0x0000000784d00000, 0x0000000784d00000, 0x0000000784e00000|  0%| F|  |TAMS 0x0000000784d00000, 0x0000000784d00000| Untracked 
|  78|0x0000000784e00000, 0x0000000784e00000, 0x0000000784f00000|  0%| F|  |TAMS 0x0000000784e00000, 0x0000000784e00000| Untracked 
|  79|0x0000000784f00000, 0x0000000784f00000, 0x0000000785000000|  0%| F|  |TAMS 0x0000000784f00000, 0x0000000784f00000| Untracked 
| 127|0x0000000787f00000, 0x0000000787f446f8, 0x0000000788000000| 26%| E|  |TAMS 0x0000000787f00000, 0x0000000787f00000| Complete 
|2046|0x00000007ffe00000, 0x00000007ffe76000, 0x00000007fff00000| 46%|OA|  |TAMS 0x00000007ffe76000, 0x00000007ffe00000| Untracked 
|2047|0x00000007fff00000, 0x00000007fff7f000, 0x0000000800000000| 49%|CA|  |TAMS 0x00000007fff7f000, 0x00000007fff00000| Untracked 

Card table byte_map: [0x00000001091d6000,0x00000001095d6000] _byte_map_base: 0x00000001055d6000

Marking Bits (Prev, Next): (CMBitMap*) 0x00007fbfcb016a10, (CMBitMap*) 0x00007fbfcb016a50
 Prev Bits: [0x0000000116b49000, 0x0000000118b49000)
 Next Bits: [0x0000000118b49000, 0x000000011ab49000)

Polling page: 0x0000000108ccb000

Metaspace:

Usage:
  Non-class:     23.37 MB used.
      Class:      3.64 MB used.
       Both:     27.01 MB used.

Virtual space:
  Non-class space:       24.00 MB reserved,      23.56 MB ( 98%) committed,  3 nodes.
      Class space:        1.00 GB reserved,       3.81 MB ( <1%) committed,  1 nodes.
             Both:        1.02 GB reserved,      27.38 MB (  3%) committed. 

Chunk freelists:
   Non-Class:  123.00 KB
       Class:  30.00 KB
        Both:  153.00 KB

MaxMetaspaceSize: unlimited
CompressedClassSpaceSize: 1.00 GB
Initial GC threshold: 21.00 MB
Current GC threshold: 45.62 MB
CDS: on
MetaspaceReclaimPolicy: balanced
 - commit_granule_bytes: 65536.
 - commit_granule_words: 8192.
 - virtual_space_node_default_size: 1048576.
 - enlarge_chunks_in_place: 1.
 - new_chunks_are_fully_committed: 0.
 - uncommit_free_chunks: 1.
 - use_allocation_guard: 0.
 - handle_deallocations: 1.


Internal statistics:

num_allocs_failed_limit: 3.
num_arena_births: 332.
num_arena_deaths: 0.
num_vsnodes_births: 4.
num_vsnodes_deaths: 0.
num_space_committed: 438.
num_space_uncommitted: 0.
num_chunks_returned_to_freelist: 3.
num_chunks_taken_from_freelist: 1273.
num_chunk_merges: 3.
num_chunk_splits: 863.
num_chunks_enlarged: 660.
num_purges: 0.
num_inconsistent_stats: 0.

CodeCache: size=49152Kb used=6205Kb max_used=6205Kb free=42946Kb
 bounds [0x000000011236a000, 0x000000011297a000, 0x000000011536a000]
 total_blobs=3666 nmethods=3157 adapters=436
 compilation: enabled
              stopped_count=0, restarted_count=0
 full_count=0

Compilation events (20 events):
Event: 9.158 Thread 0x00007fbfca06ec00 3148       1       com.sun.imageio.plugins.tiff.TIFFDecompressor::setActiveSrcMinY (6 bytes)
Event: 9.158 Thread 0x00007fbfca06ec00 nmethod 3148 0x0000000112977090 code [0x0000000112977220, 0x00000001129772f0]
Event: 9.158 Thread 0x00007fbfca06ec00 3149       1       com.sun.imageio.plugins.tiff.TIFFDecompressor::setActiveSrcWidth (6 bytes)
Event: 9.158 Thread 0x00007fbfca06ec00 nmethod 3149 0x0000000112977390 code [0x0000000112977520, 0x00000001129775f0]
Event: 9.158 Thread 0x00007fbfca06ec00 3150       1       com.sun.imageio.plugins.tiff.TIFFDecompressor::setActiveSrcHeight (6 bytes)
Event: 9.158 Thread 0x00007fbfca06ec00 nmethod 3150 0x0000000112977690 code [0x0000000112977820, 0x00000001129778f0]
Event: 9.158 Thread 0x00007fbfca06ec00 3151       1       com.sun.imageio.plugins.tiff.TIFFDecompressor::setPlanarBand (6 bytes)
Event: 9.158 Thread 0x00007fbfca06ec00 nmethod 3151 0x0000000112977990 code [0x0000000112977b20, 0x0000000112977bf0]
Event: 9.158 Thread 0x00007fbfca06ec00 3152       1       com.sun.imageio.plugins.tiff.TIFFDecompressor::setStream (6 bytes)
Event: 9.158 Thread 0x00007fbfca06ec00 nmethod 3152 0x0000000112977c90 code [0x0000000112977e20, 0x0000000112977f30]
Event: 9.158 Thread 0x00007fbfca06ec00 3155  s    1       java.io.ByteArrayOutputStream::write (43 bytes)
Event: 9.160 Thread 0x00007fbfca06ec00 nmethod 3155 0x0000000112977f90 code [0x0000000112978180, 0x0000000112978690]
Event: 9.160 Thread 0x00007fbfca06ec00 3156       1       java.io.ByteArrayOutputStream::ensureCapacity (32 bytes)
Event: 9.160 Thread 0x00007fbfca06ec00 nmethod 3156 0x0000000112978890 code [0x0000000112978a40, 0x0000000112978d30]
Event: 9.160 Thread 0x00007fbfca06ec00 3157       1       java.lang.Math::min (12 bytes)
Event: 9.160 Thread 0x00007fbfca06ec00 nmethod 3157 0x0000000112978e90 code [0x0000000112979020, 0x00000001129790d0]
Event: 9.160 Thread 0x00007fbfca06ec00 3153       1       com.sun.imageio.plugins.tiff.TIFFDecompressor::setOffset (6 bytes)
Event: 9.160 Thread 0x00007fbfca06ec00 nmethod 3153 0x0000000112979190 code [0x0000000112979320, 0x00000001129793f0]
Event: 9.160 Thread 0x00007fbfca06ec00 3154       1       com.sun.imageio.plugins.tiff.TIFFDecompressor::setByteCount (6 bytes)
Event: 9.160 Thread 0x00007fbfca06ec00 nmethod 3154 0x0000000112979490 code [0x0000000112979620, 0x00000001129796f0]

GC Heap History (12 events):
Event: 0.613 GC heap before
{Heap before GC invocations=0 (full 0):
 garbage-first heap   total 133120K, used 23508K [0x0000000780000000, 0x0000000800000000)
  region size 1024K, 23 young (23552K), 0 survivors (0K)
 Metaspace       used 5251K, committed 5376K, reserved 1056768K
  class space    used 755K, committed 832K, reserved 1048576K
}
Event: 0.617 GC heap after
{Heap after GC invocations=1 (full 0):
 garbage-first heap   total 133120K, used 5460K [0x0000000780000000, 0x0000000800000000)
  region size 1024K, 3 young (3072K), 3 survivors (3072K)
 Metaspace       used 5251K, committed 5376K, reserved 1056768K
  class space    used 755K, committed 832K, reserved 1048576K
}
Event: 1.279 GC heap before
{Heap before GC invocations=1 (full 0):
 garbage-first heap   total 133120K, used 40276K [0x0000000780000000, 0x0000000800000000)
  region size 1024K, 37 young (37888K), 3 survivors (3072K)
 Metaspace       used 13360K, committed 13632K, reserved 1064960K
  class space    used 1831K, committed 1984K, reserved 1048576K
}
Event: 1.284 GC heap after
{Heap after GC invocations=2 (full 0):
 garbage-first heap   total 133120K, used 7836K [0x0000000780000000, 0x0000000800000000)
  region size 1024K, 3 young (3072K), 3 survivors (3072K)
 Metaspace       used 13360K, committed 13632K, reserved 1064960K
  class space    used 1831K, committed 1984K, reserved 1048576K
}
Event: 2.178 GC heap before
{Heap before GC invocations=2 (full 0):
 garbage-first heap   total 133120K, used 52892K [0x0000000780000000, 0x0000000800000000)
  region size 1024K, 48 young (49152K), 3 survivors (3072K)
 Metaspace       used 21180K, committed 21504K, reserved 1073152K
  class space    used 2903K, committed 3072K, reserved 1048576K
}
Event: 2.183 GC heap after
{Heap after GC invocations=3 (full 0):
 garbage-first heap   total 133120K, used 11634K [0x0000000780000000, 0x0000000800000000)
  region size 1024K, 6 young (6144K), 6 survivors (6144K)
 Metaspace       used 21180K, committed 21504K, reserved 1073152K
  class space    used 2903K, committed 3072K, reserved 1048576K
}
Event: 9.014 GC heap before
{Heap before GC invocations=4 (full 0):
 garbage-first heap   total 48128K, used 33138K [0x0000000780000000, 0x0000000800000000)
  region size 1024K, 28 young (28672K), 6 survivors (6144K)
 Metaspace       used 26635K, committed 27008K, reserved 1073152K
  class space    used 3559K, committed 3712K, reserved 1048576K
}
Event: 9.027 GC heap after
{Heap after GC invocations=5 (full 0):
 garbage-first heap   total 48128K, used 13393K [0x0000000780000000, 0x0000000800000000)
  region size 1024K, 3 young (3072K), 3 survivors (3072K)
 Metaspace       used 26635K, committed 27008K, reserved 1073152K
  class space    used 3559K, committed 3712K, reserved 1048576K
}
Event: 9.047 GC heap before
{Heap before GC invocations=5 (full 0):
 garbage-first heap   total 48128K, used 18513K [0x0000000780000000, 0x0000000800000000)
  region size 1024K, 4 young (4096K), 3 survivors (3072K)
 Metaspace       used 26756K, committed 27072K, reserved 1073152K
  class space    used 3569K, committed 3712K, reserved 1048576K
}
Event: 9.051 GC heap after
{Heap after GC invocations=6 (full 0):
 garbage-first heap   total 48128K, used 17516K [0x0000000780000000, 0x0000000800000000)
  region size 1024K, 1 young (1024K), 1 survivors (1024K)
 Metaspace       used 26756K, committed 27072K, reserved 1073152K
  class space    used 3569K, committed 3712K, reserved 1048576K
}
Event: 9.158 GC heap before
{Heap before GC invocations=6 (full 0):
 garbage-first heap   total 48128K, used 31852K [0x0000000780000000, 0x0000000800000000)
  region size 1024K, 13 young (13312K), 1 survivors (1024K)
 Metaspace       used 27640K, committed 28032K, reserved 1073152K
  class space    used 3726K, committed 3904K, reserved 1048576K
}
Event: 9.160 GC heap after
{Heap after GC invocations=7 (full 0):
 garbage-first heap   total 48128K, used 21864K [0x0000000780000000, 0x0000000800000000)
  region size 1024K, 1 young (1024K), 1 survivors (1024K)
 Metaspace       used 27640K, committed 28032K, reserved 1073152K
  class space    used 3726K, committed 3904K, reserved 1048576K
}

Deoptimization events (14 events):
Event: 0.343 Thread 0x00007fbfcb808e00 DEOPT PACKING pc=0x000000011256d601 sp=0x0000700008b0bab0
Event: 0.343 Thread 0x00007fbfcb808e00 DEOPT UNPACKING pc=0x00000001123bc82f sp=0x0000700008b0af40 mode 3
Event: 1.071 Thread 0x00007fbfcb808e00 DEOPT PACKING pc=0x0000000112682311 sp=0x0000700008b0bb10
Event: 1.071 Thread 0x00007fbfcb808e00 DEOPT UNPACKING pc=0x00000001123bc82f sp=0x0000700008b0b010 mode 3
Event: 1.616 Thread 0x00007fbfcb808e00 DEOPT PACKING pc=0x00000001127f5a01 sp=0x0000700008b0c6f0
Event: 1.616 Thread 0x00007fbfcb808e00 DEOPT UNPACKING pc=0x00000001123bc82f sp=0x0000700008b0bb80 mode 3
Event: 2.119 Thread 0x00007fbfcb808e00 DEOPT PACKING pc=0x00000001128962bd sp=0x0000700008b0b220
Event: 2.119 Thread 0x00007fbfcb808e00 DEOPT UNPACKING pc=0x00000001123bc82f sp=0x0000700008b0a7a8 mode 3
Event: 2.131 Thread 0x00007fbfcb125800 DEOPT PACKING pc=0x000000011268af16 sp=0x000070000a255670
Event: 2.131 Thread 0x00007fbfcb125800 DEOPT UNPACKING pc=0x00000001123bc82f sp=0x000070000a254ae8 mode 3
Event: 2.131 Thread 0x00007fbfc9914800 DEOPT PACKING pc=0x00000001126a3801 sp=0x000070000a358660
Event: 2.131 Thread 0x00007fbfc9914800 DEOPT UNPACKING pc=0x00000001123bc82f sp=0x000070000a357b18 mode 3
Event: 8.542 Thread 0x00007fbfcb123a00 DEOPT PACKING pc=0x0000000112927355 sp=0x000070000aa6ab80
Event: 8.542 Thread 0x00007fbfcb123a00 DEOPT UNPACKING pc=0x00000001123bc82f sp=0x000070000aa6a100 mode 3

Classes unloaded (0 events):
No events

Classes redefined (0 events):
No events

Internal exceptions (20 events):
Event: 2.161 Thread 0x00007fbfcb808e00 Exception <a 'java/lang/ClassNotFoundException'{0x0000000785006f70}: org/springframework/boot/autoconfigure/web/servlet/WebMvcAutoConfiguration$EnableWebMvcConfigurationCustomizer> (0x0000000785006f70) 
thrown [src/hotspot/share/classfile/systemDictionary.cpp, line 256]
Event: 2.162 Thread 0x00007fbfcb808e00 Exception <a 'java/lang/ClassNotFoundException'{0x000000078501abf0}: org/springframework/context/ResourceLoaderAwareCustomizer> (0x000000078501abf0) 
thrown [src/hotspot/share/classfile/systemDictionary.cpp, line 256]
Event: 2.162 Thread 0x00007fbfcb808e00 Exception <a 'java/lang/ClassNotFoundException'{0x000000078501f238}: org/springframework/beans/factory/AwareCustomizer> (0x000000078501f238) 
thrown [src/hotspot/share/classfile/systemDictionary.cpp, line 256]
Event: 2.162 Thread 0x00007fbfcb808e00 Exception <a 'java/lang/ClassNotFoundException'{0x0000000785022b80}: org/springframework/context/ApplicationContextAwareCustomizer> (0x0000000785022b80) 
thrown [src/hotspot/share/classfile/systemDictionary.cpp, line 256]
Event: 2.163 Thread 0x00007fbfcb808e00 Exception <a 'java/lang/ClassNotFoundException'{0x0000000785027cc8}: org/springframework/beans/factory/AwareCustomizer> (0x0000000785027cc8) 
thrown [src/hotspot/share/classfile/systemDictionary.cpp, line 256]
Event: 2.163 Thread 0x00007fbfcb808e00 Exception <a 'java/lang/ClassNotFoundException'{0x000000078502b5e8}: org/springframework/web/context/ServletContextAwareCustomizer> (0x000000078502b5e8) 
thrown [src/hotspot/share/classfile/systemDictionary.cpp, line 256]
Event: 2.163 Thread 0x00007fbfcb808e00 Exception <a 'java/lang/ClassNotFoundException'{0x0000000785030068}: org/springframework/beans/factory/AwareCustomizer> (0x0000000785030068) 
thrown [src/hotspot/share/classfile/systemDictionary.cpp, line 256]
Event: 2.238 Thread 0x00007fbfcb808e00 Exception <a 'java/lang/NoSuchMethodError'{0x00000007823393c0}: 'void java.lang.invoke.DirectMethodHandle$Holder.invokeVirtual(java.lang.Object, java.lang.Object, int)'> (0x00000007823393c0) 
thrown [src/hotspot/share/interpreter/linkResolver.cpp, line 766]
Event: 2.239 Thread 0x00007fbfcb808e00 Exception <a 'java/lang/NoSuchMethodError'{0x0000000782353f98}: 'void java.lang.invoke.DirectMethodHandle$Holder.invokeVirtual(java.lang.Object, java.lang.Object, long)'> (0x0000000782353f98) 
thrown [src/hotspot/share/interpreter/linkResolver.cpp, line 766]
Event: 2.359 Thread 0x00007fbfcb808e00 Exception <a 'java/lang/IncompatibleClassChangeError'{0x0000000781e1d990}: Found class java.lang.Object, but interface was expected> (0x0000000781e1d990) 
thrown [src/hotspot/share/interpreter/linkResolver.cpp, line 833]
Event: 2.399 Thread 0x00007fbfcb808e00 Exception <a 'java/lang/NoSuchMethodError'{0x0000000781d54110}: 'int java.lang.invoke.DirectMethodHandle$Holder.invokeStaticInit(java.lang.Object, java.lang.Object, java.lang.Object, java.lang.Object)'> (0x0000000781d54110) 
thrown [src/hotspot/share/interpreter/linkResolver.cpp, line 766]
Event: 2.428 Thread 0x00007fbfcb808e00 Exception <a 'java/lang/NoSuchMethodError'{0x0000000781c91ec0}: 'java.lang.Object java.lang.invoke.DirectMethodHandle$Holder.newInvokeSpecial(java.lang.Object, java.lang.Object, int, java.lang.Object, java.lang.Object)'> (0x0000000781c91ec0) 
thrown [src/hotspot/share/interpreter/linkResolver.cpp, line 766]
Event: 2.428 Thread 0x00007fbfcb808e00 Exception <a 'java/lang/NoSuchMethodError'{0x0000000781c9d710}: 'java.lang.Object java.lang.invoke.DirectMethodHandle$Holder.invokeSpecial(java.lang.Object, java.lang.Object, int, java.lang.Object, int, java.lang.Object)'> (0x0000000781c9d710) 
thrown [src/hotspot/share/interpreter/linkResolver.cpp, line 766]
Event: 2.429 Thread 0x00007fbfcb808e00 Exception <a 'java/lang/NoSuchMethodError'{0x0000000781ca5510}: 'java.lang.Object java.lang.invoke.DirectMethodHandle$Holder.newInvokeSpecial(java.lang.Object, java.lang.Object, int, java.lang.Object, int)'> (0x0000000781ca5510) 
thrown [src/hotspot/share/interpreter/linkResolver.cpp, line 766]
Event: 2.429 Thread 0x00007fbfcb808e00 Exception <a 'java/lang/NoSuchMethodError'{0x0000000781ca9610}: 'java.lang.Object java.lang.invoke.DirectMethodHandle$Holder.invokeSpecial(java.lang.Object, java.lang.Object, java.lang.Object, int, java.lang.Object, int)'> (0x0000000781ca9610) 
thrown [src/hotspot/share/interpreter/linkResolver.cpp, line 766]
Event: 2.430 Thread 0x00007fbfcb808e00 Exception <a 'java/lang/NoSuchMethodError'{0x0000000781cb3a38}: 'void java.lang.invoke.DirectMethodHandle$Holder.invokeVirtual(java.lang.Object, java.lang.Object)'> (0x0000000781cb3a38) 
thrown [src/hotspot/share/interpreter/linkResolver.cpp, line 766]
Event: 8.391 Thread 0x00007fbfcb123a00 Exception <a 'java/lang/ClassNotFoundException'{0x000000078152e700}: sun/awt/resources/spi/awtProvider> (0x000000078152e700) 
thrown [src/hotspot/share/classfile/systemDictionary.cpp, line 256]
Event: 8.499 Thread 0x00007fbfcb123a00 Exception <a 'java/io/FileNotFoundException'{0x0000000781558be0}> (0x0000000781558be0) 
thrown [src/hotspot/share/prims/jni.cpp, line 516]
Event: 8.500 Thread 0x00007fbfcb123a00 Exception <a 'java/io/FileNotFoundException'{0x000000078155a5d8}> (0x000000078155a5d8) 
thrown [src/hotspot/share/prims/jni.cpp, line 516]
Event: 8.542 Thread 0x00007fbfcb123a00 Implicit null exception at 0x0000000112926c4b to 0x0000000112927350

VM Operations (20 events):
Event: 8.367 Executing VM operation: HandshakeAllThreads
Event: 8.367 Executing VM operation: HandshakeAllThreads done
Event: 8.372 Executing VM operation: HandshakeAllThreads
Event: 8.372 Executing VM operation: HandshakeAllThreads done
Event: 8.542 Executing VM operation: HandshakeAllThreads
Event: 8.542 Executing VM operation: HandshakeAllThreads done
Event: 8.801 Executing VM operation: HandshakeAllThreads
Event: 8.801 Executing VM operation: HandshakeAllThreads done
Event: 9.014 Executing VM operation: G1CollectForAllocation
Event: 9.028 Executing VM operation: G1CollectForAllocation done
Event: 9.047 Executing VM operation: G1CollectForAllocation
Event: 9.051 Executing VM operation: G1CollectForAllocation done
Event: 9.081 Executing VM operation: HandshakeAllThreads
Event: 9.081 Executing VM operation: HandshakeAllThreads done
Event: 9.158 Executing VM operation: G1TryInitiateConcMark
Event: 9.160 Executing VM operation: G1TryInitiateConcMark done
Event: 9.169 Executing VM operation: G1Concurrent
Event: 9.171 Executing VM operation: G1Concurrent done
Event: 9.175 Executing VM operation: G1Concurrent
Event: 9.176 Executing VM operation: G1Concurrent done

Events (20 events):
Event: 9.147 loading class javax/imageio/plugins/tiff/GeoTIFFTagSet$ModelPixelScale
Event: 9.147 loading class javax/imageio/plugins/tiff/GeoTIFFTagSet$ModelPixelScale done
Event: 9.147 loading class javax/imageio/plugins/tiff/GeoTIFFTagSet$ModelTransformation
Event: 9.147 loading class javax/imageio/plugins/tiff/GeoTIFFTagSet$ModelTransformation done
Event: 9.147 loading class javax/imageio/plugins/tiff/GeoTIFFTagSet$ModelTiepoint
Event: 9.147 loading class javax/imageio/plugins/tiff/GeoTIFFTagSet$ModelTiepoint done
Event: 9.147 loading class javax/imageio/plugins/tiff/GeoTIFFTagSet$GeoKeyDirectory
Event: 9.147 loading class javax/imageio/plugins/tiff/GeoTIFFTagSet$GeoKeyDirectory done
Event: 9.147 loading class javax/imageio/plugins/tiff/GeoTIFFTagSet$GeoDoubleParams
Event: 9.147 loading class javax/imageio/plugins/tiff/GeoTIFFTagSet$GeoDoubleParams done
Event: 9.147 loading class javax/imageio/plugins/tiff/GeoTIFFTagSet$GeoAsciiParams
Event: 9.147 loading class javax/imageio/plugins/tiff/GeoTIFFTagSet$GeoAsciiParams done
Event: 9.148 loading class com/sun/imageio/plugins/tiff/TIFFIFD$TIFFIFDEntry
Event: 9.148 loading class com/sun/imageio/plugins/tiff/TIFFIFD$TIFFIFDEntry done
Event: 9.148 loading class com/sun/imageio/plugins/tiff/TIFFDecompressor
Event: 9.149 loading class com/sun/imageio/plugins/tiff/TIFFDecompressor done
Event: 9.151 loading class com/sun/imageio/plugins/tiff/TIFFNullDecompressor
Event: 9.151 loading class com/sun/imageio/plugins/tiff/TIFFNullDecompressor done
Event: 9.201 loading class java/lang/StrictMath
Event: 9.201 loading class java/lang/StrictMath done


Dynamic libraries:
0x0000000108ca9000 	/usr/local/Cellar/openjdk/17.0.1_1/libexec/openjdk.jdk/Contents/Home/lib/libjli.dylib
0x00007ff817943000 	/usr/lib/libz.1.dylib
0x00007ff817a23000 	/usr/lib/libSystem.B.dylib
0x00007ff817a1e000 	/usr/lib/system/libcache.dylib
0x00007ff8179da000 	/usr/lib/system/libcommonCrypto.dylib
0x00007ff817a03000 	/usr/lib/system/libcompiler_rt.dylib
0x00007ff8179f9000 	/usr/lib/system/libcopyfile.dylib
0x00007ff80c997000 	/usr/lib/system/libcorecrypto.dylib
0x00007ff80ca56000 	/usr/lib/system/libdispatch.dylib
0x00007ff80cc15000 	/usr/lib/system/libdyld.dylib
0x00007ff817a15000 	/usr/lib/system/libkeymgr.dylib
0x00007ff8179b8000 	/usr/lib/system/libmacho.dylib
0x00007ff81704f000 	/usr/lib/system/libquarantine.dylib
0x00007ff817a13000 	/usr/lib/system/libremovefile.dylib
0x00007ff811b6d000 	/usr/lib/system/libsystem_asl.dylib
0x00007ff80c945000 	/usr/lib/system/libsystem_blocks.dylib
0x00007ff80cada000 	/usr/lib/system/libsystem_c.dylib
0x00007ff817a0b000 	/usr/lib/system/libsystem_collections.dylib
0x00007ff816236000 	/usr/lib/system/libsystem_configuration.dylib
0x00007ff8154f8000 	/usr/lib/system/libsystem_containermanager.dylib
0x00007ff8176f7000 	/usr/lib/system/libsystem_coreservices.dylib
0x00007ff80f23b000 	/usr/lib/system/libsystem_darwin.dylib
0x00007ff817a16000 	/usr/lib/system/libsystem_dnssd.dylib
0x00007ff80cad7000 	/usr/lib/system/libsystem_featureflags.dylib
0x00007ff80cc2b000 	/usr/lib/system/libsystem_info.dylib
0x00007ff817956000 	/usr/lib/system/libsystem_m.dylib
0x00007ff80ca2a000 	/usr/lib/system/libsystem_malloc.dylib
0x00007ff811b0a000 	/usr/lib/system/libsystem_networkextension.dylib
0x00007ff80f663000 	/usr/lib/system/libsystem_notify.dylib
0x00007ff81db54000 	/usr/lib/system/libsystem_product_info_filter.dylib
0x00007ff81623a000 	/usr/lib/system/libsystem_sandbox.dylib
0x00007ff817a10000 	/usr/lib/system/libsystem_secinit.dylib
0x00007ff80cbd2000 	/usr/lib/system/libsystem_kernel.dylib
0x00007ff80cc21000 	/usr/lib/system/libsystem_platform.dylib
0x00007ff80cc09000 	/usr/lib/system/libsystem_pthread.dylib
0x00007ff8133be000 	/usr/lib/system/libsystem_symptoms.dylib
0x00007ff80c97e000 	/usr/lib/system/libsystem_trace.dylib
0x00007ff8179e6000 	/usr/lib/system/libunwind.dylib
0x00007ff80c947000 	/usr/lib/system/libxpc.dylib
0x00007ff80cbbc000 	/usr/lib/libc++abi.dylib
0x00007ff80ca9d000 	/usr/lib/libobjc.A.dylib
0x00007ff8179f1000 	/usr/lib/liboah.dylib
0x00007ff80cb63000 	/usr/lib/libc++.1.dylib
0x00007ff823883000 	/System/Library/Frameworks/Cocoa.framework/Versions/A/Cocoa
0x00007ff80f6c1000 	/System/Library/Frameworks/AppKit.framework/Versions/C/AppKit
0x00007ff812bae000 	/System/Library/Frameworks/CoreData.framework/Versions/A/CoreData
0x00007ff80dadc000 	/System/Library/Frameworks/Foundation.framework/Versions/C/Foundation
0x00007ff81054e000 	/System/Library/PrivateFrameworks/UIFoundation.framework/Versions/A/UIFoundation
0x00007ff81d85b000 	/System/Library/PrivateFrameworks/RemoteViewServices.framework/Versions/A/RemoteViewServices
0x00007ff815bcf000 	/System/Library/PrivateFrameworks/XCTTargetBootstrap.framework/Versions/A/XCTTargetBootstrap
0x00007ff819832000 	/System/Library/PrivateFrameworks/InternationalSupport.framework/Versions/A/InternationalSupport
0x00007ff8198bc000 	/System/Library/PrivateFrameworks/UserActivity.framework/Versions/A/UserActivity
0x00007ff818c12000 	/usr/lib/libspindump.dylib
0x00007ff8107dc000 	/System/Library/Frameworks/UniformTypeIdentifiers.framework/Versions/A/UniformTypeIdentifiers
0x00007ff81430e000 	/usr/lib/libapp_launch_measurement.dylib
0x00007ff813578000 	/System/Library/PrivateFrameworks/CoreAnalytics.framework/Versions/A/CoreAnalytics
0x00007ff814311000 	/System/Library/PrivateFrameworks/CoreAutoLayout.framework/Versions/A/CoreAutoLayout
0x00007ff815530000 	/System/Library/Frameworks/Metal.framework/Versions/A/Metal
0x00007ff816245000 	/usr/lib/liblangid.dylib
0x00007ff815bd3000 	/System/Library/PrivateFrameworks/CoreSVG.framework/Versions/A/CoreSVG
0x00007ff811b9e000 	/System/Library/PrivateFrameworks/SkyLight.framework/Versions/A/SkyLight
0x00007ff811f2f000 	/System/Library/Frameworks/CoreGraphics.framework/Versions/A/CoreGraphics
0x00007ff81dec6000 	/System/Library/Frameworks/Accelerate.framework/Versions/A/Accelerate
0x00007ff81868d000 	/System/Library/PrivateFrameworks/IconServices.framework/Versions/A/IconServices
0x00007ff815515000 	/System/Library/Frameworks/IOSurface.framework/Versions/A/IOSurface
0x00007ff8135a6000 	/usr/lib/libDiagnosticMessagesClient.dylib
0x00007ff821525000 	/System/Library/Frameworks/ApplicationServices.framework/Versions/A/ApplicationServices
0x00007ff815bbb000 	/System/Library/PrivateFrameworks/DFRFoundation.framework/Versions/A/DFRFoundation
0x00007ff80efb2000 	/usr/lib/libicucore.A.dylib
0x00007ff81a554000 	/System/Library/Frameworks/AudioToolbox.framework/Versions/A/AudioToolbox
0x00007ff81983e000 	/System/Library/PrivateFrameworks/DataDetectorsCore.framework/Versions/A/DataDetectorsCore
0x00007ff915084000 	/System/Library/PrivateFrameworks/TextInput.framework/Versions/A/TextInput
0x00007ff811b21000 	/usr/lib/libMobileGestalt.dylib
0x00007ff8158c3000 	/System/Library/Frameworks/Carbon.framework/Versions/A/Frameworks/HIToolbox.framework/Versions/A/HIToolbox
0x00007ff813d3c000 	/System/Library/Frameworks/QuartzCore.framework/Versions/A/QuartzCore
0x00007ff80ec53000 	/System/Library/Frameworks/Security.framework/Versions/A/Security
0x00007ff81d893000 	/System/Library/Frameworks/Carbon.framework/Versions/A/Frameworks/SpeechRecognition.framework/Versions/A/SpeechRecognition
0x00007ff81406e000 	/System/Library/PrivateFrameworks/CoreUI.framework/Versions/A/CoreUI
0x00007ff80e52d000 	/System/Library/Frameworks/CoreAudio.framework/Versions/A/CoreAudio
0x00007ff813694000 	/System/Library/Frameworks/DiskArbitration.framework/Versions/A/DiskArbitration
0x00007ff818ff9000 	/System/Library/PrivateFrameworks/MultitouchSupport.framework/Versions/A/MultitouchSupport
0x00007ff811b20000 	/usr/lib/libenergytrace.dylib
0x00007ff80f5ad000 	/System/Library/Frameworks/IOKit.framework/Versions/A/IOKit
0x00007ff81dc7d000 	/System/Library/Frameworks/CoreServices.framework/Versions/A/CoreServices
0x00007ff8142a8000 	/System/Library/PrivateFrameworks/PerformanceAnalysis.framework/Versions/A/PerformanceAnalysis
0x00007ffa24645000 	/System/Library/Frameworks/OpenGL.framework/Versions/A/OpenGL
0x00007ff816f7b000 	/System/Library/PrivateFrameworks/MobileKeyBag.framework/Versions/A/MobileKeyBag
0x00007ff8125fb000 	/System/Library/Frameworks/ColorSync.framework/Versions/A/ColorSync
0x00007ff80cc56000 	/System/Library/Frameworks/CoreFoundation.framework/Versions/A/CoreFoundation
0x00007ff815e4c000 	/System/Library/Frameworks/CoreImage.framework/Versions/A/CoreImage
0x00007ff80e343000 	/System/Library/Frameworks/CoreText.framework/Versions/A/CoreText
0x00007ff815c02000 	/System/Library/Frameworks/ImageIO.framework/Versions/A/ImageIO
0x00007ff817a29000 	/System/Library/PrivateFrameworks/SoftLinking.framework/Versions/A/SoftLinking
0x00007ff814359000 	/usr/lib/libxml2.2.dylib
0x00007ff817cac000 	/usr/lib/libcompression.dylib
0x00007ff819768000 	/System/Library/PrivateFrameworks/TextureIO.framework/Versions/A/TextureIO
0x00007ff81839f000 	/usr/lib/libate.dylib
0x00007ff81817d000 	/usr/lib/liblzma.5.dylib
0x00007ff80d7ed000 	/System/Library/Frameworks/SystemConfiguration.framework/Versions/A/SystemConfiguration
0x00007ff817a25000 	/usr/lib/libfakelink.dylib
0x00007ff811674000 	/System/Library/Frameworks/CFNetwork.framework/Versions/A/CFNetwork
0x00007ff817b64000 	/usr/lib/libarchive.2.dylib
0x00007ff816241000 	/System/Library/PrivateFrameworks/AppleSystemInfo.framework/Versions/A/AppleSystemInfo
0x00007ff817075000 	/usr/lib/libbsm.0.dylib
0x00007ff810cab000 	/usr/lib/libnetwork.dylib
0x00007ff8179be000 	/usr/lib/system/libkxld.dylib
0x00007ff816ca4000 	/System/Library/PrivateFrameworks/IOMobileFramebuffer.framework/Versions/A/IOMobileFramebuffer
0x00007ffb2212e000 	/usr/lib/libCoreEntitlements.dylib
0x00007ff8176d9000 	/System/Library/PrivateFrameworks/AppleFSCompression.framework/Versions/A/AppleFSCompression
0x00007ff81705e000 	/usr/lib/libcoretls.dylib
0x00007ff818197000 	/usr/lib/libcoretls_cfhelpers.dylib
0x00007ff817ca7000 	/usr/lib/libpam.2.dylib
0x00007ff812fe0000 	/usr/lib/libsqlite3.dylib
0x00007ff818206000 	/usr/lib/libxar.1.dylib
0x00007ff8176e9000 	/usr/lib/libbz2.1.0.dylib
0x00007ff817a2a000 	/usr/lib/libpcap.A.dylib
0x00007ff8133b5000 	/usr/lib/libdns_services.dylib
0x00007ff817c76000 	/usr/lib/libapple_nghttp2.dylib
0x00007ff817a61000 	/usr/lib/libiconv.2.dylib
0x00007ff8179b7000 	/usr/lib/libcharset.1.dylib
0x00007ff8142dc000 	/System/Library/Frameworks/CoreServices.framework/Versions/A/Frameworks/FSEvents.framework/Versions/A/FSEvents
0x00007ff80f245000 	/System/Library/Frameworks/CoreServices.framework/Versions/A/Frameworks/CarbonCore.framework/Versions/A/CarbonCore
0x00007ff8135f9000 	/System/Library/Frameworks/CoreServices.framework/Versions/A/Frameworks/Metadata.framework/Versions/A/Metadata
0x00007ff8176fc000 	/System/Library/Frameworks/CoreServices.framework/Versions/A/Frameworks/OSServices.framework/Versions/A/OSServices
0x00007ff817bea000 	/System/Library/Frameworks/CoreServices.framework/Versions/A/Frameworks/SearchKit.framework/Versions/A/SearchKit
0x00007ff813347000 	/System/Library/Frameworks/CoreServices.framework/Versions/A/Frameworks/AE.framework/Versions/A/AE
0x00007ff80d159000 	/System/Library/Frameworks/CoreServices.framework/Versions/A/Frameworks/LaunchServices.framework/Versions/A/LaunchServices
0x00007ff81812e000 	/System/Library/Frameworks/CoreServices.framework/Versions/A/Frameworks/DictionaryServices.framework/Versions/A/DictionaryServices
0x00007ff8142e9000 	/System/Library/Frameworks/CoreServices.framework/Versions/A/Frameworks/SharedFileList.framework/Versions/A/SharedFileList
0x00007ff817052000 	/usr/lib/libCheckFix.dylib
0x00007ff811b84000 	/System/Library/PrivateFrameworks/TCC.framework/Versions/A/TCC
0x00007ff816247000 	/System/Library/PrivateFrameworks/CoreNLP.framework/Versions/A/CoreNLP
0x00007ff8135a9000 	/System/Library/PrivateFrameworks/MetadataUtilities.framework/Versions/A/MetadataUtilities
0x00007ff80d89d000 	/usr/lib/libmecabra.dylib
0x00007ff817085000 	/usr/lib/libmecab.dylib
0x00007ff80d868000 	/usr/lib/libCRFSuite.dylib
0x00007ff8170e2000 	/usr/lib/libgermantok.dylib
0x00007ff817c51000 	/usr/lib/libThaiTokenizer.dylib
0x00007ff81369b000 	/System/Library/Frameworks/Accelerate.framework/Versions/A/Frameworks/vImage.framework/Versions/A/vImage
0x00007ff81dc54000 	/System/Library/Frameworks/Accelerate.framework/Versions/A/Frameworks/vecLib.framework/Versions/A/vecLib
0x00007ff818247000 	/System/Library/Frameworks/Accelerate.framework/Versions/A/Frameworks/vecLib.framework/Versions/A/libvMisc.dylib
0x00007ff816ac2000 	/System/Library/Frameworks/Accelerate.framework/Versions/A/Frameworks/vecLib.framework/Versions/A/libvDSP.dylib
0x00007ff80d4d1000 	/System/Library/Frameworks/Accelerate.framework/Versions/A/Frameworks/vecLib.framework/Versions/A/libBLAS.dylib
0x00007ff817d88000 	/System/Library/Frameworks/Accelerate.framework/Versions/A/Frameworks/vecLib.framework/Versions/A/libLAPACK.dylib
0x00007ff8170e5000 	/System/Library/Frameworks/Accelerate.framework/Versions/A/Frameworks/vecLib.framework/Versions/A/libLinearAlgebra.dylib
0x00007ff817c8f000 	/System/Library/Frameworks/Accelerate.framework/Versions/A/Frameworks/vecLib.framework/Versions/A/libSparseBLAS.dylib
0x00007ff817d82000 	/System/Library/Frameworks/Accelerate.framework/Versions/A/Frameworks/vecLib.framework/Versions/A/libQuadrature.dylib
0x00007ff816331000 	/System/Library/Frameworks/Accelerate.framework/Versions/A/Frameworks/vecLib.framework/Versions/A/libBNNS.dylib
0x00007ff80d77e000 	/System/Library/Frameworks/Accelerate.framework/Versions/A/Frameworks/vecLib.framework/Versions/A/libSparse.dylib
0x00007ff81632a000 	/System/Library/PrivateFrameworks/LinguisticData.framework/Versions/A/LinguisticData
0x00007ff80d733000 	/System/Library/PrivateFrameworks/Lexicon.framework/Versions/A/Lexicon
0x00007ff818240000 	/usr/lib/libChineseTokenizer.dylib
0x00007ff80de97000 	/System/Library/PrivateFrameworks/LanguageModeling.framework/Versions/A/LanguageModeling
0x00007ff817c53000 	/System/Library/PrivateFrameworks/AppleSauce.framework/Versions/A/AppleSauce
0x00007ff816c92000 	/System/Library/PrivateFrameworks/CoreEmoji.framework/Versions/A/CoreEmoji
0x00007ff817b53000 	/usr/lib/libcmph.dylib
0x00007ff8142c0000 	/System/Library/Frameworks/OpenDirectory.framework/Versions/A/Frameworks/CFOpenDirectory.framework/Versions/A/CFOpenDirectory
0x00007ff8142b4000 	/System/Library/Frameworks/OpenDirectory.framework/Versions/A/OpenDirectory
0x00007ff818199000 	/System/Library/PrivateFrameworks/APFS.framework/Versions/A/APFS
0x00007ff816fb3000 	/System/Library/Frameworks/SecurityFoundation.framework/Versions/A/SecurityFoundation
0x00007ff818214000 	/usr/lib/libutil.dylib
0x00007ff80f570000 	/System/Library/PrivateFrameworks/CoreServicesStore.framework/Versions/A/CoreServicesStore
0x00007ff818218000 	/usr/lib/libxslt.1.dylib
0x00007ff817040000 	/System/Library/PrivateFrameworks/BackgroundTaskManagement.framework/Versions/A/BackgroundTaskManagement
0x00007ff819688000 	/System/Library/Frameworks/ImageIO.framework/Versions/A/Resources/libRadiance.dylib
0x00007ff819691000 	/System/Library/Frameworks/ImageIO.framework/Versions/A/Resources/libJPEG.dylib
0x00007ff8195e1000 	/System/Library/Frameworks/ImageIO.framework/Versions/A/Resources/libPng.dylib
0x00007ff819602000 	/System/Library/Frameworks/ImageIO.framework/Versions/A/Resources/libTIFF.dylib
0x00007ff8196f1000 	/System/Library/Frameworks/ImageIO.framework/Versions/A/Resources/libGIF.dylib
0x00007ff818f12000 	/System/Library/Frameworks/ImageIO.framework/Versions/A/Resources/libJP2.dylib
0x00007ff818654000 	/usr/lib/libexpat.1.dylib
0x00007ff818ec7000 	/System/Library/PrivateFrameworks/AppleJPEG.framework/Versions/A/AppleJPEG
0x00007ff81578a000 	/System/Library/PrivateFrameworks/FontServices.framework/libFontParser.dylib
0x00007ff8132f1000 	/System/Library/PrivateFrameworks/RunningBoardServices.framework/Versions/A/RunningBoardServices
0x00007ff823df4000 	/System/Library/PrivateFrameworks/IOSurfaceAccelerator.framework/Versions/A/IOSurfaceAccelerator
0x00007ff818ff5000 	/System/Library/PrivateFrameworks/WatchdogClient.framework/Versions/A/WatchdogClient
0x00007ff80df86000 	/System/Library/Frameworks/CoreDisplay.framework/Versions/A/CoreDisplay
0x00007ff81568a000 	/System/Library/Frameworks/CoreMedia.framework/Versions/A/CoreMedia
0x00007ff815527000 	/System/Library/PrivateFrameworks/IOAccelerator.framework/Versions/A/IOAccelerator
0x00007ff81443c000 	/System/Library/Frameworks/CoreVideo.framework/Versions/A/CoreVideo
0x00007ff817ca5000 	/System/Library/Frameworks/MetalPerformanceShaders.framework/Versions/A/MetalPerformanceShaders
0x00007ff819030000 	/System/Library/Frameworks/VideoToolbox.framework/Versions/A/VideoToolbox
0x00007ff813239000 	/System/Library/PrivateFrameworks/BaseBoard.framework/Versions/A/BaseBoard
0x00007ff812fc6000 	/System/Library/PrivateFrameworks/ProtocolBuffer.framework/Versions/A/ProtocolBuffer
0x00007ff819681000 	/System/Library/PrivateFrameworks/GPUWrangler.framework/Versions/A/GPUWrangler
0x00007ff819664000 	/System/Library/PrivateFrameworks/IOPresentment.framework/Versions/A/IOPresentment
0x00007ff81968b000 	/System/Library/PrivateFrameworks/DSExternalDisplay.framework/Versions/A/DSExternalDisplay
0x00007ffa24639000 	/System/Library/Frameworks/OpenGL.framework/Versions/A/Libraries/libCoreFSCache.dylib
0x00007ffb1072d000 	/System/Library/PrivateFrameworks/GPUCompiler.framework/Versions/31001/Libraries/libGPUCompilerUtils.dylib
0x00007ff8196f6000 	/System/Library/PrivateFrameworks/CMCaptureCore.framework/Versions/A/CMCaptureCore
0x00007ff818c00000 	/System/Library/PrivateFrameworks/AppServerSupport.framework/Versions/A/AppServerSupport
0x00007ff81add1000 	/System/Library/PrivateFrameworks/perfdata.framework/Versions/A/perfdata
0x00007ff80e0b2000 	/System/Library/PrivateFrameworks/AudioToolboxCore.framework/Versions/A/AudioToolboxCore
0x00007ff815667000 	/System/Library/PrivateFrameworks/caulk.framework/Versions/A/caulk
0x00007ff81a6fe000 	/usr/lib/libAudioStatistics.dylib
0x00007ff911943000 	/System/Library/PrivateFrameworks/SystemPolicy.framework/Versions/A/SystemPolicy
0x00007ff81a94a000 	/usr/lib/libSMC.dylib
0x00007ff823736000 	/System/Library/Frameworks/CoreMIDI.framework/Versions/A/CoreMIDI
0x00007ff8195b1000 	/usr/lib/libAudioToolboxUtility.dylib
0x00007ff90ddcb000 	/System/Library/PrivateFrameworks/OSAServicesClient.framework/Versions/A/OSAServicesClient
0x00007ff81adde000 	/usr/lib/libperfcheck.dylib
0x00007ff9123cf000 	/usr/lib/libmis.dylib
0x00007ffa24695000 	/System/Library/Frameworks/OpenGL.framework/Versions/A/Libraries/libGLU.dylib
0x00007ffa24658000 	/System/Library/Frameworks/OpenGL.framework/Versions/A/Libraries/libGFXShared.dylib
0x00007ffa24866000 	/System/Library/Frameworks/OpenGL.framework/Versions/A/Libraries/libGL.dylib
0x00007ffa24661000 	/System/Library/Frameworks/OpenGL.framework/Versions/A/Libraries/libGLImage.dylib
0x00007ffa24655000 	/System/Library/Frameworks/OpenGL.framework/Versions/A/Libraries/libCVMSPluginSupport.dylib
0x00007ffa24640000 	/System/Library/Frameworks/OpenGL.framework/Versions/A/Libraries/libCoreVMClient.dylib
0x00007ff8161c5000 	/System/Library/Frameworks/MetalPerformanceShaders.framework/Versions/A/Frameworks/MPSCore.framework/Versions/A/MPSCore
0x00007ff817644000 	/System/Library/Frameworks/MetalPerformanceShaders.framework/Versions/A/Frameworks/MPSImage.framework/Versions/A/MPSImage
0x00007ff8170fb000 	/System/Library/Frameworks/MetalPerformanceShaders.framework/Versions/A/Frameworks/MPSNeuralNetwork.framework/Versions/A/MPSNeuralNetwork
0x00007ff817570000 	/System/Library/Frameworks/MetalPerformanceShaders.framework/Versions/A/Frameworks/MPSMatrix.framework/Versions/A/MPSMatrix
0x00007ff81732c000 	/System/Library/Frameworks/MetalPerformanceShaders.framework/Versions/A/Frameworks/MPSRayIntersector.framework/Versions/A/MPSRayIntersector
0x00007ff8175a9000 	/System/Library/Frameworks/MetalPerformanceShaders.framework/Versions/A/Frameworks/MPSNDArray.framework/Versions/A/MPSNDArray
0x00007ffa2923e000 	/System/Library/Frameworks/MetalPerformanceShaders.framework/Versions/A/Frameworks/MPSFunctions.framework/Versions/A/MPSFunctions
0x00007ff80d3b4000 	/System/Library/PrivateFrameworks/MetalTools.framework/Versions/A/MetalTools
0x00007ff81623f000 	/System/Library/PrivateFrameworks/AggregateDictionary.framework/Versions/A/AggregateDictionary
0x00007ff818436000 	/usr/lib/libIOReport.dylib
0x00007ffa25c75000 	/System/Library/Frameworks/OpenCL.framework/Versions/A/OpenCL
0x00007ff81879a000 	/System/Library/PrivateFrameworks/FaceCore.framework/Versions/A/FaceCore
0x00007ff81878b000 	/System/Library/PrivateFrameworks/GraphVisualizer.framework/Versions/A/GraphVisualizer
0x00007ffb10638000 	/System/Library/PrivateFrameworks/FontServices.framework/Versions/A/FontServices
0x00007ff818bb7000 	/System/Library/PrivateFrameworks/OTSVG.framework/Versions/A/OTSVG
0x00007ff814024000 	/System/Library/Frameworks/ApplicationServices.framework/Versions/A/Frameworks/ATS.framework/Versions/A/Resources/libFontRegistry.dylib
0x00007ff818c08000 	/System/Library/PrivateFrameworks/FontServices.framework/libhvf.dylib
0x00007ffb10639000 	/System/Library/PrivateFrameworks/FontServices.framework/libXTFontStaticRegistryData.dylib
0x00007ff818604000 	/System/Library/PrivateFrameworks/AppleVA.framework/Versions/A/AppleVA
0x00007ff81a71e000 	/System/Library/Frameworks/ApplicationServices.framework/Versions/A/Frameworks/ATS.framework/Versions/A/ATS
0x00007ff8126f7000 	/System/Library/Frameworks/ApplicationServices.framework/Versions/A/Frameworks/HIServices.framework/Versions/A/HIServices
0x00007ff819700000 	/System/Library/Frameworks/ApplicationServices.framework/Versions/A/Frameworks/PrintCore.framework/Versions/A/PrintCore
0x00007ff81aa9d000 	/System/Library/Frameworks/ApplicationServices.framework/Versions/A/Frameworks/QD.framework/Versions/A/QD
0x00007ff81aa95000 	/System/Library/Frameworks/ApplicationServices.framework/Versions/A/Frameworks/ColorSyncLegacy.framework/Versions/A/ColorSyncLegacy
0x00007ff81a70e000 	/System/Library/Frameworks/ApplicationServices.framework/Versions/A/Frameworks/SpeechSynthesis.framework/Versions/A/SpeechSynthesis
0x00007ff8196c1000 	/System/Library/Frameworks/ApplicationServices.framework/Versions/A/Frameworks/ATSUI.framework/Versions/A/ATSUI
0x00007ff81aa2a000 	/usr/lib/libcups.2.dylib
0x00007ff81aded000 	/System/Library/Frameworks/Kerberos.framework/Versions/A/Kerberos
0x00007ff81adfc000 	/System/Library/Frameworks/GSS.framework/Versions/A/GSS
0x00007ff81a78a000 	/usr/lib/libresolv.9.dylib
0x00007ff818c17000 	/System/Library/PrivateFrameworks/Heimdal.framework/Versions/A/Heimdal
0x00007ff8218a0000 	/System/Library/Frameworks/Kerberos.framework/Versions/A/Libraries/libHeimdalProxy.dylib
0x00007ff8133c6000 	/System/Library/Frameworks/Network.framework/Versions/A/Network
0x00007ff81866e000 	/usr/lib/libheimdal-asn1.dylib
0x00007ff81ae47000 	/System/Library/PrivateFrameworks/CommonAuth.framework/Versions/A/CommonAuth
0x00007ff81a68f000 	/System/Library/PrivateFrameworks/AudioSession.framework/Versions/A/AudioSession
0x00007ff8186fe000 	/System/Library/PrivateFrameworks/MediaExperience.framework/Versions/A/MediaExperience
0x00007ff81a523000 	/System/Library/PrivateFrameworks/AudioSession.framework/libSessionUtility.dylib
0x00007ff81aaa9000 	/System/Library/PrivateFrameworks/AudioResourceArbitration.framework/Versions/A/AudioResourceArbitration
0x00007ff818677000 	/System/Library/PrivateFrameworks/IconFoundation.framework/Versions/A/IconFoundation
0x00007ff81d883000 	/System/Library/PrivateFrameworks/SpeechRecognitionCore.framework/Versions/A/SpeechRecognitionCore
0x0000000109b01000 	/usr/local/Cellar/openjdk/17.0.1_1/libexec/openjdk.jdk/Contents/Home/lib/server/libjvm.dylib
0x0000000108cd5000 	/usr/local/Cellar/openjdk/17.0.1_1/libexec/openjdk.jdk/Contents/Home/lib/libjimage.dylib
0x0000000108d4a000 	/usr/local/Cellar/openjdk/17.0.1_1/libexec/openjdk.jdk/Contents/Home/lib/libjava.dylib
0x0000000109a71000 	/usr/local/Cellar/openjdk/17.0.1_1/libexec/openjdk.jdk/Contents/Home/lib/libnio.dylib
0x0000000109aa2000 	/usr/local/Cellar/openjdk/17.0.1_1/libexec/openjdk.jdk/Contents/Home/lib/libnet.dylib
0x0000000109a5b000 	/usr/local/Cellar/openjdk/17.0.1_1/libexec/openjdk.jdk/Contents/Home/lib/libzip.dylib
0x0000000109a89000 	/usr/local/Cellar/openjdk/17.0.1_1/libexec/openjdk.jdk/Contents/Home/lib/libverify.dylib
0x0000000109abe000 	/usr/local/Cellar/openjdk/17.0.1_1/libexec/openjdk.jdk/Contents/Home/lib/libmanagement.dylib
0x0000000109aca000 	/usr/local/Cellar/openjdk/17.0.1_1/libexec/openjdk.jdk/Contents/Home/lib/libmanagement_ext.dylib
0x0000000108d3e000 	/usr/local/Cellar/openjdk/17.0.1_1/libexec/openjdk.jdk/Contents/Home/lib/libextnet.dylib
0x0000000116400000 	/usr/local/Cellar/openjdk/17.0.1_1/libexec/openjdk.jdk/Contents/Home/lib/libawt.dylib
0x000000011649c000 	/usr/local/Cellar/openjdk/17.0.1_1/libexec/openjdk.jdk/Contents/Home/lib/libmlib_image.dylib
0x00007ffa291ac000 	/System/Library/Frameworks/JavaRuntimeSupport.framework/Versions/A/JavaRuntimeSupport
0x00007ff911494000 	/System/Library/Frameworks/Carbon.framework/Versions/A/Carbon
0x00007ff81fcd9000 	/System/Library/PrivateFrameworks/CoreSymbolication.framework/Versions/A/CoreSymbolication
0x00007ff82513a000 	/System/Library/Frameworks/Carbon.framework/Versions/A/Frameworks/CommonPanels.framework/Versions/A/CommonPanels
0x00007ff8212a7000 	/System/Library/Frameworks/Carbon.framework/Versions/A/Frameworks/Help.framework/Versions/A/Help
0x00007ff82513e000 	/System/Library/Frameworks/Carbon.framework/Versions/A/Frameworks/ImageCapture.framework/Versions/A/ImageCapture
0x00007ff82510e000 	/System/Library/Frameworks/Carbon.framework/Versions/A/Frameworks/OpenScripting.framework/Versions/A/OpenScripting
0x00007ff825136000 	/System/Library/Frameworks/Carbon.framework/Versions/A/Frameworks/Ink.framework/Versions/A/Ink
0x00007ff911490000 	/System/Library/Frameworks/Carbon.framework/Versions/A/Frameworks/Print.framework/Versions/A/Print
0x00007ff825132000 	/System/Library/Frameworks/Carbon.framework/Versions/A/Frameworks/SecurityHI.framework/Versions/A/SecurityHI
0x00007ff81fc9e000 	/System/Library/PrivateFrameworks/DebugSymbols.framework/Versions/A/DebugSymbols
0x000000011660e000 	/usr/local/Cellar/openjdk/17.0.1_1/libexec/openjdk.jdk/Contents/Home/lib/libawt_lwawt.dylib
0x000000011536a000 	/usr/local/Cellar/openjdk/17.0.1_1/libexec/openjdk.jdk/Contents/Home/lib/libosxapp.dylib
0x00007ff9108f5000 	/System/Library/Frameworks/ExceptionHandling.framework/Versions/A/ExceptionHandling
0x0000000115392000 	/usr/local/Cellar/openjdk/17.0.1_1/libexec/openjdk.jdk/Contents/Home/lib/libjavajpeg.dylib
0x0000000109ad6000 	/private/var/folders/ys/cw_1dbxn2xggsmw77gzq5my40000gn/T/jna-1863081630/jna9672244429271662500.tmp
0x00007ffa291b4000 	/System/Library/Frameworks/JavaVM.framework/Versions/A/JavaVM
0x000000011f000000 	/usr/local/Cellar/tesseract/4.1.3/lib/libtesseract.4.dylib
0x000000011f280000 	/usr/local/Cellar/leptonica/1.82.0/lib/liblept.5.dylib
0x0000000116508000 	/usr/local/Cellar/libpng/1.6.37/lib/libpng16.16.dylib
0x0000000116534000 	/usr/local/Cellar/jpeg/9d/lib/libjpeg.9.dylib
0x00000001153ba000 	/usr/local/Cellar/giflib/5.2.1/lib/libgif.7.2.0.dylib
0x000000011671a000 	/usr/local/Cellar/libtiff/4.3.0/lib/libtiff.5.dylib
0x00000001153ce000 	/usr/local/Cellar/webp/1.2.1_1/lib/libwebpmux.3.dylib
0x0000000116792000 	/usr/local/Cellar/webp/1.2.1_1/lib/libwebp.7.dylib
0x00000001165b9000 	/usr/local/Cellar/openjpeg/2.4.0/lib/libopenjp2.2.4.0.dylib
0x00007ff8212bb000 	/usr/lib/libcurl.4.dylib
0x00007ff82101a000 	/usr/lib/libcrypto.44.dylib
0x00007ff821121000 	/usr/lib/libssl.46.dylib
0x00007ff820fe0000 	/System/Library/Frameworks/LDAP.framework/Versions/A/LDAP
0x00007ff821018000 	/System/Library/PrivateFrameworks/TrustEvaluationAgent.framework/Versions/A/TrustEvaluationAgent
0x00007ff81a7a3000 	/usr/lib/libsasl2.2.dylib
0x00007ff81df3e000 	/System/Library/PrivateFrameworks/CoreDaemon.framework/Versions/B/CoreDaemon
0x00007ff81df39000 	/System/Library/PrivateFrameworks/AppleSRP.framework/Versions/A/AppleSRP
0x00007ff81704a000 	/System/Library/Frameworks/ServiceManagement.framework/Versions/A/ServiceManagement


VM Arguments:
jvm_args: -XX:TieredStopAtLevel=1 
java_command: com.example.demo.DemoApplication
java_class_path (initial): /Users/saksham/Desktop/demo/target/classes:/Users/saksham/.m2/repository/org/springframework/boot/spring-boot/2.6.2/spring-boot-2.6.2.jar:/Users/saksham/.m2/repository/org/springframework/boot/spring-boot-autoconfigure/2.6.2/spring-boot-autoconfigure-2.6.2.jar:/Users/saksham/.m2/repository/org/apache/logging/log4j/log4j-to-slf4j/2.17.0/log4j-to-slf4j-2.17.0.jar:/Users/saksham/.m2/repository/org/apache/logging/log4j/log4j-api/2.17.0/log4j-api-2.17.0.jar:/Users/saksham/.m2/repository/jakarta/annotation/jakarta.annotation-api/1.3.5/jakarta.annotation-api-1.3.5.jar:/Users/saksham/.m2/repository/org/yaml/snakeyaml/1.29/snakeyaml-1.29.jar:/Users/saksham/.m2/repository/com/fasterxml/jackson/core/jackson-databind/2.13.1/jackson-databind-2.13.1.jar:/Users/saksham/.m2/repository/com/fasterxml/jackson/core/jackson-annotations/2.13.1/jackson-annotations-2.13.1.jar:/Users/saksham/.m2/repository/com/fasterxml/jackson/core/jackson-core/2.13.1/jackson-core-2.13.1.jar:/Users/saksham/.m2/repository/com/fasterxml/jackson/datatype/jackson-datatype-jdk8/2.13.1/jackson-datatype-jdk8-2.13.1.jar:/Users/saksham/.m2/repository/com/fasterxml/jackson/datatype/jackson-datatype-jsr310/2.13.1/jackson-datatype-jsr310-2.13.1.jar:/Users/saksham/.m2/repository/com/fasterxml/jackson/module/jackson-module-parameter-names/2.13.1/jackson-module-parameter-names-2.13.1.jar:/Users/saksham/.m2/repository/org/apache/tomcat/embed/tomcat-embed-core/9.0.56/tomcat-embed-core-9.0.56.jar:/Users/saksham/.m2/repository/org/apache/tomcat/embed/tomcat-embed-el/9.0.56/tomcat-embed-el-9.0.56.jar:/Users/saksham/.m2/repository/org/apache/tomcat/embed/tomcat-embed-websocket/9.0.56/tomcat-embed-websocket-9.0.56.jar:/Users/saksham/.m2/repository/org/springframework/spring-web/5.3.14/spring-web-5.3.14.jar:/Users/saksham/.m2/repository/org/springframework/spring-beans/5.3.14/spring-beans-5.3.14.jar:/Users/saksham/.m2/repository/org/springframework/spring-webmvc/5.3.14/spring-webmvc-5.3.14.jar:/Users
Launcher Type: SUN_STANDARD

[Global flags]
     intx CICompilerCount                          = 4                                         {product} {ergonomic}
     uint ConcGCThreads                            = 2                                         {product} {ergonomic}
     uint G1ConcRefinementThreads                  = 8                                         {product} {ergonomic}
   size_t G1HeapRegionSize                         = 1048576                                   {product} {ergonomic}
    uintx GCDrainStackTargetSize                   = 64                                        {product} {ergonomic}
   size_t InitialHeapSize                          = 134217728                                 {product} {ergonomic}
   size_t MarkStackSize                            = 4194304                                   {product} {ergonomic}
   size_t MaxHeapSize                              = 2147483648                                {product} {ergonomic}
   size_t MaxNewSize                               = 1287651328                                {product} {ergonomic}
   size_t MinHeapDeltaBytes                        = 1048576                                   {product} {ergonomic}
   size_t MinHeapSize                              = 8388608                                   {product} {ergonomic}
    uintx NonProfiledCodeHeapSize                  = 0                                      {pd product} {ergonomic}
     bool ProfileInterpreter                       = false                                  {pd product} {command line}
    uintx ProfiledCodeHeapSize                     = 0                                      {pd product} {ergonomic}
   size_t SoftMaxHeapSize                          = 2147483648                             {manageable} {ergonomic}
     intx TieredStopAtLevel                        = 1                                         {product} {command line}
     bool UseCompressedClassPointers               = true                           {product lp64_product} {ergonomic}
     bool UseCompressedOops                        = true                           {product lp64_product} {ergonomic}
     bool UseG1GC                                  = true                                      {product} {ergonomic}
     bool UseNUMA                                  = false                                     {product} {ergonomic}
     bool UseNUMAInterleaving                      = false                                     {product} {ergonomic}

Logging:
Log output configuration:
 #0: stdout all=warning uptime,level,tags
 #1: stderr all=off uptime,level,tags

Environment Variables:
JAVA_HOME=/usr/local/opt/openjdk/libexec/openjdk.jdk/Contents/Home
PATH=/Users/saksham/opt/anaconda3/bin:/Users/saksham/opt/anaconda3/condabin:/usr/local/bin:/usr/bin:/bin:/usr/sbin:/sbin:/Applications/VMware Fusion.app/Contents/Public:/usr/local/go/bin:/usr/local/share/dotnet:~/.dotnet/tools:/Library/Apple/usr/bin:/Library/Frameworks/Mono.framework/Versions/Current/Commands:/Applications/Postgres.app/Contents/Versions/13/bin:/Applications/Xamarin Workbooks.app/Contents/SharedSupport/path-bin:/Users/saksham/.zsh/misc
SHELL=/bin/zsh
LC_CTYPE=UTF-8

Signal Handlers:
   SIGSEGV: _ZL13crash_handleriP9__siginfoPv in libjvm.dylib, mask=11100110000111110111111111111111, flags=SA_RESTART|SA_SIGINFO
    SIGBUS: _ZL13crash_handleriP9__siginfoPv in libjvm.dylib, mask=11100110000111110111111111111111, flags=SA_RESTART|SA_SIGINFO
    SIGFPE: _ZL13crash_handleriP9__siginfoPv in libjvm.dylib, mask=11100110000111110111111111111111, flags=SA_RESTART|SA_SIGINFO
   SIGPIPE: _ZL17javaSignalHandleriP9__siginfoPv in libjvm.dylib, mask=11100110000111110111111111111111, flags=SA_RESTART|SA_SIGINFO
   SIGXFSZ: _ZL17javaSignalHandleriP9__siginfoPv in libjvm.dylib, mask=11100110000111110111111111111111, flags=SA_RESTART|SA_SIGINFO
    SIGILL: _ZL13crash_handleriP9__siginfoPv in libjvm.dylib, mask=11100110000111110111111111111111, flags=SA_RESTART|SA_SIGINFO
   SIGUSR2: _ZL10SR_handleriP9__siginfoP17__darwin_ucontext in libjvm.dylib, mask=00100000000000000000000000000000, flags=SA_RESTART|SA_SIGINFO
    SIGHUP: _ZL11UserHandleriPvS_ in libjvm.dylib, mask=11100110000111110111111111111111, flags=SA_RESTART|SA_SIGINFO
    SIGINT: _ZL11UserHandleriPvS_ in libjvm.dylib, mask=11100110000111110111111111111111, flags=SA_RESTART|SA_SIGINFO
   SIGTERM: _ZL11UserHandleriPvS_ in libjvm.dylib, mask=11100110000111110111111111111111, flags=SA_RESTART|SA_SIGINFO
   SIGQUIT: _ZL11UserHandleriPvS_ in libjvm.dylib, mask=11100110000111110111111111111111, flags=SA_RESTART|SA_SIGINFO
   SIGTRAP: _ZL13crash_handleriP9__siginfoPv in libjvm.dylib, mask=11100110000111110111111111111111, flags=SA_RESTART|SA_SIGINFO


---------------  S Y S T E M  ---------------

OS:
uname: Darwin 21.1.0 Darwin Kernel Version 21.1.0: Wed Oct 13 17:33:23 PDT 2021; root:xnu-8019.41.5~1/RELEASE_X86_64 x86_64
OS uptime: 0 days 7:25 hours
rlimit (soft/hard): STACK 8192k/65532k , CORE 0k/infinity , NPROC 1392/2088 , NOFILE 10240/infinity , AS infinity/infinity , CPU infinity/infinity , DATA infinity/infinity , FSIZE infinity/infinity , MEMLOCK infinity/infinity , RSS infinity/infinity
load average: 1.70 1.93 2.24

CPU: total 8 (initial active 8) (4 cores per cpu, 2 threads per core) family 6 model 142 stepping 10 microcode 0xea, cx8, cmov, fxsr, ht, mmx, 3dnowpref, sse, sse2, sse3, ssse3, sse4.1, sse4.2, popcnt, lzcnt, tsc, tscinvbit, avx, avx2, aes, erms, clmul, bmi1, bmi2, adx, fma, vzeroupper, clflush, clflushopt

Memory: 4k page, physical 8388608k(26128k free), swap 1048576k(742144k free)

vm_info: OpenJDK 64-Bit Server VM (17.0.1+1) for bsd-amd64 JRE (17.0.1+1), built on Nov 29 2021 22:41:51 by "brew" with clang Apple LLVM 13.0.0 (clang-1300.0.29.3)

END.
